<?xml version="1.0" encoding="UTF-8"?>
<!-- Generated by org.testng.reporters.JUnitXMLReporter -->
<testsuite hostname="ShivB-PAX" name="Sample Test" tests="0" failures="0" timestamp="20 Apr 2018 07:01:27 GMT" time="0.357" errors="0">
  <testcase name="@BeforeClass setup" time="0.0" classname="main.java.util.ExecuteTestCases">
    <failure type="java.lang.NoClassDefFoundError" message="org/openxmlformats/schemas/spreadsheetml/x2006/main/CTSheet">
      <![CDATA[java.lang.NoClassDefFoundError: org/openxmlformats/schemas/spreadsheetml/x2006/main/CTSheet
	at org.apache.poi.ss.usermodel.WorkbookFactory.create(WorkbookFactory.java:98)
	at main.java.util.ExcelLibrary.getWorkbook(ExcelLibrary.java:34)
	at main.java.util.ExcelLibrary.getNumberOfSheetsinSuite(ExcelLibrary.java:54)
	at main.java.util.ExcelAction.readTestSuite(ExcelAction.java:202)
	at main.java.util.ExecuteTestCases.setup(ExecuteTestCases.java:43)
	at main.java.util.MainTestNG.testng(MainTestNG.java:66)
	at main.java.util.MainTestNG.main(MainTestNG.java:40)
Caused by: java.lang.ClassNotFoundException: org.openxmlformats.schemas.spreadsheetml.x2006.main.CTSheet
	at java.net.URLClassLoader.findClass(Unknown Source)
	at java.lang.ClassLoader.loadClass(Unknown Source)
	at sun.misc.Launcher$AppClassLoader.loadClass(Unknown Source)
	at java.lang.ClassLoader.loadClass(Unknown Source)
	... 28 more
... Removed 21 stack frames]]>
    </failure>
  </testcase> <!-- @BeforeClass setup -->
  <testcase name="@AfterClass cleanup" time="0.0" classname="main.java.util.ExecuteTestCases">
    <skipped/>
  </testcase> <!-- @AfterClass cleanup -->
</testsuite> <!-- Sample Test -->
