<?xml version="1.0" encoding="UTF-8"?>
<testsuite name="AudioTab Test Cases"
           tests="101"
           failures="1"
           errors="0"
           skipped="100"
           time="0.015">
  <properties />
            <testcase name="" time="0.000" classname="main.java.util.ExecuteTestCases ()">
                <failure type="java.lang.IllegalStateException"
                  message="The driver executable does not exist: E:\telmar_automation_projects\Selenium-Automation-Framework\driver\chromedriver.exe"
              >
<![CDATA[java.lang.IllegalStateException: The driver executable does not exist: E:\telmar_automation_projects\Selenium-Automation-Framework\driver\chromedriver.exe
  com.google.common.base.Preconditions.checkState(Preconditions.java:197)
  org.openqa.selenium.remote.service.DriverService.checkExecutable(DriverService.java:122)
  org.openqa.selenium.remote.service.DriverService.findExecutable(DriverService.java:117)
  org.openqa.selenium.chrome.ChromeDriverService.access$000(ChromeDriverService.java:32)
  org.openqa.selenium.chrome.ChromeDriverService$Builder.findDefaultExecutable(ChromeDriverService.java:118)
  org.openqa.selenium.remote.service.DriverService$Builder.build(DriverService.java:291)
  org.openqa.selenium.chrome.ChromeDriverService.createDefaultService(ChromeDriverService.java:82)
  org.openqa.selenium.chrome.ChromeDriver.<init>(ChromeDriver.java:117)
  main.java.util.ExecuteTestCases.chrome(ExecuteTestCases.java:83)
  main.java.util.ExecuteTestCases.selectBrowser(ExecuteTestCases.java:72)
  main.java.util.ExecuteTestCases.setup(ExecuteTestCases.java:50)
  sun.reflect.NativeMethodAccessorImpl.invoke0(Native Method)
  sun.reflect.NativeMethodAccessorImpl.invoke(Unknown Source)
  sun.reflect.DelegatingMethodAccessorImpl.invoke(Unknown Source)
  java.lang.reflect.Method.invoke(Unknown Source)
  org.testng.internal.MethodInvocationHelper.invokeMethod(MethodInvocationHelper.java:80)
  org.testng.internal.Invoker.invokeConfigurationMethod(Invoker.java:564)
  org.testng.internal.Invoker.invokeConfigurations(Invoker.java:213)
  org.testng.internal.Invoker.invokeConfigurations(Invoker.java:138)
  org.testng.internal.TestMethodWorker.invokeBeforeClassMethods(TestMethodWorker.java:175)
  org.testng.internal.TestMethodWorker.run(TestMethodWorker.java:107)
  org.testng.TestRunner.privateRun(TestRunner.java:767)
  org.testng.TestRunner.run(TestRunner.java:617)
  org.testng.SuiteRunner.runTest(SuiteRunner.java:334)
  org.testng.SuiteRunner.runSequentially(SuiteRunner.java:329)
  org.testng.SuiteRunner.privateRun(SuiteRunner.java:291)
  org.testng.SuiteRunner.run(SuiteRunner.java:240)
  org.testng.SuiteRunnerWorker.runSuite(SuiteRunnerWorker.java:52)
  org.testng.SuiteRunnerWorker.run(SuiteRunnerWorker.java:86)
  org.testng.TestNG.runSuitesSequentially(TestNG.java:1198)
  org.testng.TestNG.runSuitesLocally(TestNG.java:1123)
  org.testng.TestNG.run(TestNG.java:1031)
  main.java.util.MainTestNG.testng(MainTestNG.java:65)
  main.java.util.MainTestNG.main(MainTestNG.java:40)
]]>
      </failure>

          </testcase>
  
            <testcase name="" time="0.0" classname="main.java.util.ExecuteTestCases ()">
          <skipped />
    </testcase>
            <testcase name="" time="0.0" classname="main.java.util.ExecuteTestCases ()">
          <skipped />
    </testcase>
            <testcase name="" time="0.0" classname="main.java.util.ExecuteTestCases ()">
          <skipped />
    </testcase>
            <testcase name="" time="0.0" classname="main.java.util.ExecuteTestCases ()">
          <skipped />
    </testcase>
            <testcase name="" time="0.0" classname="main.java.util.ExecuteTestCases ()">
          <skipped />
    </testcase>
            <testcase name="" time="0.0" classname="main.java.util.ExecuteTestCases ()">
          <skipped />
    </testcase>
            <testcase name="" time="0.0" classname="main.java.util.ExecuteTestCases ()">
          <skipped />
    </testcase>
            <testcase name="" time="0.0" classname="main.java.util.ExecuteTestCases ()">
          <skipped />
    </testcase>
            <testcase name="" time="0.0" classname="main.java.util.ExecuteTestCases ()">
          <skipped />
    </testcase>
            <testcase name="" time="0.0" classname="main.java.util.ExecuteTestCases ()">
          <skipped />
    </testcase>
            <testcase name="" time="0.0" classname="main.java.util.ExecuteTestCases ()">
          <skipped />
    </testcase>
            <testcase name="" time="0.0" classname="main.java.util.ExecuteTestCases ()">
          <skipped />
    </testcase>
            <testcase name="" time="0.0" classname="main.java.util.ExecuteTestCases ()">
          <skipped />
    </testcase>
            <testcase name="" time="0.0" classname="main.java.util.ExecuteTestCases ()">
          <skipped />
    </testcase>
            <testcase name="" time="0.0" classname="main.java.util.ExecuteTestCases ()">
          <skipped />
    </testcase>
            <testcase name="" time="0.0" classname="main.java.util.ExecuteTestCases ()">
          <skipped />
    </testcase>
            <testcase name="" time="0.0" classname="main.java.util.ExecuteTestCases ()">
          <skipped />
    </testcase>
            <testcase name="" time="0.0" classname="main.java.util.ExecuteTestCases ()">
          <skipped />
    </testcase>
            <testcase name="" time="0.0" classname="main.java.util.ExecuteTestCases ()">
          <skipped />
    </testcase>
            <testcase name="" time="0.0" classname="main.java.util.ExecuteTestCases ()">
          <skipped />
    </testcase>
            <testcase name="" time="0.0" classname="main.java.util.ExecuteTestCases ()">
          <skipped />
    </testcase>
            <testcase name="" time="0.0" classname="main.java.util.ExecuteTestCases ()">
          <skipped />
    </testcase>
            <testcase name="" time="0.0" classname="main.java.util.ExecuteTestCases ()">
          <skipped />
    </testcase>
            <testcase name="" time="0.0" classname="main.java.util.ExecuteTestCases ()">
          <skipped />
    </testcase>
            <testcase name="" time="0.0" classname="main.java.util.ExecuteTestCases ()">
          <skipped />
    </testcase>
            <testcase name="" time="0.0" classname="main.java.util.ExecuteTestCases ()">
          <skipped />
    </testcase>
            <testcase name="" time="0.0" classname="main.java.util.ExecuteTestCases ()">
          <skipped />
    </testcase>
            <testcase name="" time="0.0" classname="main.java.util.ExecuteTestCases ()">
          <skipped />
    </testcase>
            <testcase name="" time="0.0" classname="main.java.util.ExecuteTestCases ()">
          <skipped />
    </testcase>
            <testcase name="" time="0.0" classname="main.java.util.ExecuteTestCases ()">
          <skipped />
    </testcase>
            <testcase name="" time="0.0" classname="main.java.util.ExecuteTestCases ()">
          <skipped />
    </testcase>
            <testcase name="" time="0.0" classname="main.java.util.ExecuteTestCases ()">
          <skipped />
    </testcase>
            <testcase name="" time="0.0" classname="main.java.util.ExecuteTestCases ()">
          <skipped />
    </testcase>
            <testcase name="" time="0.0" classname="main.java.util.ExecuteTestCases ()">
          <skipped />
    </testcase>
            <testcase name="" time="0.0" classname="main.java.util.ExecuteTestCases ()">
          <skipped />
    </testcase>
            <testcase name="" time="0.0" classname="main.java.util.ExecuteTestCases ()">
          <skipped />
    </testcase>
            <testcase name="" time="0.0" classname="main.java.util.ExecuteTestCases ()">
          <skipped />
    </testcase>
            <testcase name="" time="0.0" classname="main.java.util.ExecuteTestCases ()">
          <skipped />
    </testcase>
            <testcase name="" time="0.0" classname="main.java.util.ExecuteTestCases ()">
          <skipped />
    </testcase>
            <testcase name="" time="0.0" classname="main.java.util.ExecuteTestCases ()">
          <skipped />
    </testcase>
            <testcase name="" time="0.0" classname="main.java.util.ExecuteTestCases ()">
          <skipped />
    </testcase>
            <testcase name="" time="0.0" classname="main.java.util.ExecuteTestCases ()">
          <skipped />
    </testcase>
            <testcase name="" time="0.0" classname="main.java.util.ExecuteTestCases ()">
          <skipped />
    </testcase>
            <testcase name="" time="0.0" classname="main.java.util.ExecuteTestCases ()">
          <skipped />
    </testcase>
            <testcase name="" time="0.0" classname="main.java.util.ExecuteTestCases ()">
          <skipped />
    </testcase>
            <testcase name="" time="0.0" classname="main.java.util.ExecuteTestCases ()">
          <skipped />
    </testcase>
            <testcase name="" time="0.0" classname="main.java.util.ExecuteTestCases ()">
          <skipped />
    </testcase>
            <testcase name="" time="0.0" classname="main.java.util.ExecuteTestCases ()">
          <skipped />
    </testcase>
            <testcase name="" time="0.0" classname="main.java.util.ExecuteTestCases ()">
          <skipped />
    </testcase>
            <testcase name="" time="0.0" classname="main.java.util.ExecuteTestCases ()">
          <skipped />
    </testcase>
            <testcase name="" time="0.0" classname="main.java.util.ExecuteTestCases ()">
          <skipped />
    </testcase>
            <testcase name="" time="0.0" classname="main.java.util.ExecuteTestCases ()">
          <skipped />
    </testcase>
            <testcase name="" time="0.0" classname="main.java.util.ExecuteTestCases ()">
          <skipped />
    </testcase>
            <testcase name="" time="0.0" classname="main.java.util.ExecuteTestCases ()">
          <skipped />
    </testcase>
            <testcase name="" time="0.0" classname="main.java.util.ExecuteTestCases ()">
          <skipped />
    </testcase>
            <testcase name="" time="0.0" classname="main.java.util.ExecuteTestCases ()">
          <skipped />
    </testcase>
            <testcase name="" time="0.0" classname="main.java.util.ExecuteTestCases ()">
          <skipped />
    </testcase>
            <testcase name="" time="0.0" classname="main.java.util.ExecuteTestCases ()">
          <skipped />
    </testcase>
            <testcase name="" time="0.0" classname="main.java.util.ExecuteTestCases ()">
          <skipped />
    </testcase>
            <testcase name="" time="0.0" classname="main.java.util.ExecuteTestCases ()">
          <skipped />
    </testcase>
            <testcase name="" time="0.0" classname="main.java.util.ExecuteTestCases ()">
          <skipped />
    </testcase>
            <testcase name="" time="0.0" classname="main.java.util.ExecuteTestCases ()">
          <skipped />
    </testcase>
            <testcase name="" time="0.0" classname="main.java.util.ExecuteTestCases ()">
          <skipped />
    </testcase>
            <testcase name="" time="0.0" classname="main.java.util.ExecuteTestCases ()">
          <skipped />
    </testcase>
            <testcase name="" time="0.0" classname="main.java.util.ExecuteTestCases ()">
          <skipped />
    </testcase>
            <testcase name="" time="0.0" classname="main.java.util.ExecuteTestCases ()">
          <skipped />
    </testcase>
            <testcase name="" time="0.0" classname="main.java.util.ExecuteTestCases ()">
          <skipped />
    </testcase>
            <testcase name="" time="0.0" classname="main.java.util.ExecuteTestCases ()">
          <skipped />
    </testcase>
            <testcase name="" time="0.0" classname="main.java.util.ExecuteTestCases ()">
          <skipped />
    </testcase>
            <testcase name="" time="0.0" classname="main.java.util.ExecuteTestCases ()">
          <skipped />
    </testcase>
            <testcase name="" time="0.0" classname="main.java.util.ExecuteTestCases ()">
          <skipped />
    </testcase>
            <testcase name="" time="0.0" classname="main.java.util.ExecuteTestCases ()">
          <skipped />
    </testcase>
            <testcase name="" time="0.0" classname="main.java.util.ExecuteTestCases ()">
          <skipped />
    </testcase>
            <testcase name="" time="0.0" classname="main.java.util.ExecuteTestCases ()">
          <skipped />
    </testcase>
            <testcase name="" time="0.0" classname="main.java.util.ExecuteTestCases ()">
          <skipped />
    </testcase>
            <testcase name="" time="0.0" classname="main.java.util.ExecuteTestCases ()">
          <skipped />
    </testcase>
            <testcase name="" time="0.0" classname="main.java.util.ExecuteTestCases ()">
          <skipped />
    </testcase>
            <testcase name="" time="0.0" classname="main.java.util.ExecuteTestCases ()">
          <skipped />
    </testcase>
            <testcase name="" time="0.0" classname="main.java.util.ExecuteTestCases ()">
          <skipped />
    </testcase>
            <testcase name="" time="0.0" classname="main.java.util.ExecuteTestCases ()">
          <skipped />
    </testcase>
            <testcase name="" time="0.0" classname="main.java.util.ExecuteTestCases ()">
          <skipped />
    </testcase>
            <testcase name="" time="0.0" classname="main.java.util.ExecuteTestCases ()">
          <skipped />
    </testcase>
            <testcase name="" time="0.0" classname="main.java.util.ExecuteTestCases ()">
          <skipped />
    </testcase>
            <testcase name="" time="0.0" classname="main.java.util.ExecuteTestCases ()">
          <skipped />
    </testcase>
            <testcase name="" time="0.0" classname="main.java.util.ExecuteTestCases ()">
          <skipped />
    </testcase>
            <testcase name="" time="0.0" classname="main.java.util.ExecuteTestCases ()">
          <skipped />
    </testcase>
            <testcase name="" time="0.0" classname="main.java.util.ExecuteTestCases ()">
          <skipped />
    </testcase>
            <testcase name="" time="0.0" classname="main.java.util.ExecuteTestCases ()">
          <skipped />
    </testcase>
            <testcase name="" time="0.0" classname="main.java.util.ExecuteTestCases ()">
          <skipped />
    </testcase>
            <testcase name="" time="0.0" classname="main.java.util.ExecuteTestCases ()">
          <skipped />
    </testcase>
            <testcase name="" time="0.0" classname="main.java.util.ExecuteTestCases ()">
          <skipped />
    </testcase>
            <testcase name="" time="0.0" classname="main.java.util.ExecuteTestCases ()">
          <skipped />
    </testcase>
            <testcase name="" time="0.0" classname="main.java.util.ExecuteTestCases ()">
          <skipped />
    </testcase>
            <testcase name="" time="0.0" classname="main.java.util.ExecuteTestCases ()">
          <skipped />
    </testcase>
            <testcase name="" time="0.0" classname="main.java.util.ExecuteTestCases ()">
          <skipped />
    </testcase>
            <testcase name="" time="0.0" classname="main.java.util.ExecuteTestCases ()">
          <skipped />
    </testcase>
            <testcase name="" time="0.0" classname="main.java.util.ExecuteTestCases ()">
          <skipped />
    </testcase>
            <testcase name="" time="0.0" classname="main.java.util.ExecuteTestCases ()">
          <skipped />
    </testcase>
            <testcase name="" time="0.0" classname="main.java.util.ExecuteTestCases ()">
          <skipped />
    </testcase>
            <testcase name="" time="0.0" classname="main.java.util.ExecuteTestCases ()">
          <skipped />
    </testcase>
  
  
</testsuite>
