<?xml version="1.0" encoding="UTF-8"?>
<testng-results skipped="33" failed="0" total="33" passed="0">
  <reporter-output>
    <line>
      <![CDATA[About to begin executing Test AudioTab Test Cases]]>
    </line>
    <line>
      <![CDATA[getting total number of rows]]>
    </line>
    <line>
      <![CDATA[getting total number of rows]]>
    </line>
    <line>
      <![CDATA[getting total number of rows]]>
    </line>
    <line>
      <![CDATA[getting total number of rows]]>
    </line>
    <line>
      <![CDATA[getting total number of rows]]>
    </line>
    <line>
      <![CDATA[getting total number of rows]]>
    </line>
    <line>
      <![CDATA[getting total number of rows]]>
    </line>
    <line>
      <![CDATA[getting total number of rows]]>
    </line>
    <line>
      <![CDATA[getting total number of rows]]>
    </line>
    <line>
      <![CDATA[getting total number of rows]]>
    </line>
    <line>
      <![CDATA[getting total number of rows]]>
    </line>
    <line>
      <![CDATA[getting total number of rows]]>
    </line>
    <line>
      <![CDATA[getting total number of rows]]>
    </line>
    <line>
      <![CDATA[getting total number of rows]]>
    </line>
    <line>
      <![CDATA[getting total number of rows]]>
    </line>
    <line>
      <![CDATA[getting total number of rows]]>
    </line>
    <line>
      <![CDATA[getting total number of rows]]>
    </line>
    <line>
      <![CDATA[getting total number of rows]]>
    </line>
    <line>
      <![CDATA[getting total number of rows]]>
    </line>
    <line>
      <![CDATA[getting total number of rows]]>
    </line>
    <line>
      <![CDATA[getting total number of rows]]>
    </line>
    <line>
      <![CDATA[getting total number of rows]]>
    </line>
    <line>
      <![CDATA[getting total number of rows]]>
    </line>
    <line>
      <![CDATA[getting total number of rows]]>
    </line>
    <line>
      <![CDATA[getting total number of rows]]>
    </line>
    <line>
      <![CDATA[getting total number of rows]]>
    </line>
    <line>
      <![CDATA[getting total number of rows]]>
    </line>
    <line>
      <![CDATA[getting total number of rows]]>
    </line>
    <line>
      <![CDATA[getting total number of rows]]>
    </line>
    <line>
      <![CDATA[getting total number of rows]]>
    </line>
    <line>
      <![CDATA[getting total number of rows]]>
    </line>
    <line>
      <![CDATA[getting total number of rows]]>
    </line>
    <line>
      <![CDATA[getting total number of rows]]>
    </line>
    <line>
      <![CDATA[getting total number of rows]]>
    </line>
    <line>
      <![CDATA[getting total number of rows]]>
    </line>
    <line>
      <![CDATA[getting total number of rows]]>
    </line>
    <line>
      <![CDATA[listOfTestCases=============*****************[TC001, TC002, TC003, TC004, TC005, TC006, TC007, TC008, TC009, TC010, TC011, TC012, TC013, TC014, TC015, TC016, TC017, TC018, TC019, TC020, TC021, TC022, TC023, TC024, TC025, TC026, TC027, TC028, TC029, TC030, TC031, TC032, TC033]]]>
    </line>
    <line>
      <![CDATA[getting total number of rows]]>
    </line>
    <line>
      <![CDATA[getting total number of rows]]>
    </line>
    <line>
      <![CDATA[getting total number of rows]]>
    </line>
    <line>
      <![CDATA[getting total number of rows]]>
    </line>
    <line>
      <![CDATA[getting total number of rows]]>
    </line>
    <line>
      <![CDATA[getting total number of rows]]>
    </line>
    <line>
      <![CDATA[getting total number of rows]]>
    </line>
    <line>
      <![CDATA[getting total number of rows]]>
    </line>
    <line>
      <![CDATA[getting total number of rows]]>
    </line>
    <line>
      <![CDATA[getting total number of rows]]>
    </line>
    <line>
      <![CDATA[getting total number of rows]]>
    </line>
    <line>
      <![CDATA[getting total number of rows]]>
    </line>
    <line>
      <![CDATA[getting total number of rows]]>
    </line>
    <line>
      <![CDATA[getting total number of rows]]>
    </line>
    <line>
      <![CDATA[getting total number of rows]]>
    </line>
    <line>
      <![CDATA[getting total number of rows]]>
    </line>
    <line>
      <![CDATA[getting total number of rows]]>
    </line>
    <line>
      <![CDATA[getting total number of rows]]>
    </line>
    <line>
      <![CDATA[getting total number of rows]]>
    </line>
    <line>
      <![CDATA[getting total number of rows]]>
    </line>
    <line>
      <![CDATA[getting total number of rows]]>
    </line>
    <line>
      <![CDATA[getting total number of rows]]>
    </line>
    <line>
      <![CDATA[getting total number of rows]]>
    </line>
    <line>
      <![CDATA[getting total number of rows]]>
    </line>
    <line>
      <![CDATA[getting total number of rows]]>
    </line>
    <line>
      <![CDATA[getting total number of rows]]>
    </line>
    <line>
      <![CDATA[getting total number of rows]]>
    </line>
    <line>
      <![CDATA[getting total number of rows]]>
    </line>
    <line>
      <![CDATA[getting total number of rows]]>
    </line>
    <line>
      <![CDATA[getting total number of rows]]>
    </line>
    <line>
      <![CDATA[getting total number of rows]]>
    </line>
    <line>
      <![CDATA[getting total number of rows]]>
    </line>
    <line>
      <![CDATA[getting total number of rows]]>
    </line>
    <line>
      <![CDATA[getting total number of rows]]>
    </line>
    <line>
      <![CDATA[getting total number of rows]]>
    </line>
    <line>
      <![CDATA[getting total number of rows]]>
    </line>
    <line>
      <![CDATA[getting total number of rows]]>
    </line>
    <line>
      <![CDATA[getting total number of rows]]>
    </line>
    <line>
      <![CDATA[getting total number of rows]]>
    </line>
    <line>
      <![CDATA[getting total number of rows]]>
    </line>
    <line>
      <![CDATA[getting total number of rows]]>
    </line>
    <line>
      <![CDATA[getting total number of rows]]>
    </line>
    <line>
      <![CDATA[getting total number of rows]]>
    </line>
    <line>
      <![CDATA[getting total number of rows]]>
    </line>
    <line>
      <![CDATA[getting total number of rows]]>
    </line>
    <line>
      <![CDATA[getting total number of rows]]>
    </line>
    <line>
      <![CDATA[getting total number of rows]]>
    </line>
    <line>
      <![CDATA[getting total number of rows]]>
    </line>
    <line>
      <![CDATA[getting total number of rows]]>
    </line>
    <line>
      <![CDATA[getting total number of rows]]>
    </line>
    <line>
      <![CDATA[getting total number of rows]]>
    </line>
    <line>
      <![CDATA[getting total number of rows]]>
    </line>
    <line>
      <![CDATA[getting total number of rows]]>
    </line>
    <line>
      <![CDATA[getting total number of rows]]>
    </line>
    <line>
      <![CDATA[getting total number of rows]]>
    </line>
    <line>
      <![CDATA[getting total number of rows]]>
    </line>
    <line>
      <![CDATA[getting total number of rows]]>
    </line>
    <line>
      <![CDATA[getting total number of rows]]>
    </line>
    <line>
      <![CDATA[getting total number of rows]]>
    </line>
    <line>
      <![CDATA[getting total number of rows]]>
    </line>
    <line>
      <![CDATA[getting total number of rows]]>
    </line>
    <line>
      <![CDATA[getting total number of rows]]>
    </line>
    <line>
      <![CDATA[getting total number of rows]]>
    </line>
    <line>
      <![CDATA[getting total number of rows]]>
    </line>
    <line>
      <![CDATA[getting total number of rows]]>
    </line>
    <line>
      <![CDATA[getting total number of rows]]>
    </line>
    <line>
      <![CDATA[getting total number of rows]]>
    </line>
    <line>
      <![CDATA[getting total number of rows]]>
    </line>
    <line>
      <![CDATA[getting total number of rows]]>
    </line>
    <line>
      <![CDATA[getting total number of rows]]>
    </line>
    <line>
      <![CDATA[getting total number of rows]]>
    </line>
    <line>
      <![CDATA[getting total number of rows]]>
    </line>
    <line>
      <![CDATA[getting total number of rows]]>
    </line>
    <line>
      <![CDATA[getting total number of rows]]>
    </line>
    <line>
      <![CDATA[getting total number of rows]]>
    </line>
    <line>
      <![CDATA[getting total number of rows]]>
    </line>
    <line>
      <![CDATA[getting total number of rows]]>
    </line>
    <line>
      <![CDATA[getting total number of rows]]>
    </line>
    <line>
      <![CDATA[getting total number of rows]]>
    </line>
    <line>
      <![CDATA[getting total number of rows]]>
    </line>
    <line>
      <![CDATA[getting total number of rows]]>
    </line>
    <line>
      <![CDATA[getting total number of rows]]>
    </line>
    <line>
      <![CDATA[getting total number of rows]]>
    </line>
    <line>
      <![CDATA[getting total number of rows]]>
    </line>
    <line>
      <![CDATA[getting total number of rows]]>
    </line>
    <line>
      <![CDATA[getting total number of rows]]>
    </line>
    <line>
      <![CDATA[getting total number of rows]]>
    </line>
    <line>
      <![CDATA[getting total number of rows]]>
    </line>
    <line>
      <![CDATA[getting total number of rows]]>
    </line>
    <line>
      <![CDATA[getting total number of rows]]>
    </line>
    <line>
      <![CDATA[getting total number of rows]]>
    </line>
    <line>
      <![CDATA[getting total number of rows]]>
    </line>
    <line>
      <![CDATA[getting total number of rows]]>
    </line>
    <line>
      <![CDATA[getting total number of rows]]>
    </line>
    <line>
      <![CDATA[getting total number of rows]]>
    </line>
    <line>
      <![CDATA[getting total number of rows]]>
    </line>
    <line>
      <![CDATA[getting total number of rows]]>
    </line>
    <line>
      <![CDATA[getting total number of rows]]>
    </line>
    <line>
      <![CDATA[getting total number of rows]]>
    </line>
    <line>
      <![CDATA[getting total number of rows]]>
    </line>
    <line>
      <![CDATA[getting total number of rows]]>
    </line>
    <line>
      <![CDATA[getting total number of rows]]>
    </line>
    <line>
      <![CDATA[getting total number of rows]]>
    </line>
    <line>
      <![CDATA[getting total number of rows]]>
    </line>
    <line>
      <![CDATA[getting total number of rows]]>
    </line>
    <line>
      <![CDATA[getting total number of rows]]>
    </line>
    <line>
      <![CDATA[getting total number of rows]]>
    </line>
    <line>
      <![CDATA[getting total number of rows]]>
    </line>
    <line>
      <![CDATA[getting total number of rows]]>
    </line>
    <line>
      <![CDATA[getting total number of rows]]>
    </line>
    <line>
      <![CDATA[getting total number of rows]]>
    </line>
    <line>
      <![CDATA[getting total number of rows]]>
    </line>
    <line>
      <![CDATA[getting total number of rows]]>
    </line>
    <line>
      <![CDATA[getting total number of rows]]>
    </line>
    <line>
      <![CDATA[getting total number of rows]]>
    </line>
    <line>
      <![CDATA[getting total number of rows]]>
    </line>
    <line>
      <![CDATA[getting total number of rows]]>
    </line>
    <line>
      <![CDATA[getting total number of rows]]>
    </line>
    <line>
      <![CDATA[getting total number of rows]]>
    </line>
    <line>
      <![CDATA[getting total number of rows]]>
    </line>
    <line>
      <![CDATA[getting total number of rows]]>
    </line>
    <line>
      <![CDATA[getting total number of rows]]>
    </line>
    <line>
      <![CDATA[getting total number of rows]]>
    </line>
    <line>
      <![CDATA[sheetNameCapturedObjectProperties----sheetName, pathOFFileE:\telmar_automation_projects\Selenium-Automation-Framework\TestCases2.xlsx]]>
    </line>
    <line>
      <![CDATA[getting total number of columns]]>
    </line>
    <line>
      <![CDATA[sheetNameTC002_DS----sheetName, pathOFFileE:\telmar_automation_projects\Selenium-Automation-Framework\TestCases2.xlsx]]>
    </line>
    <line>
      <![CDATA[getting total number of columns]]>
    </line>
    <line>
      <![CDATA[sheetNameTC001_DS----sheetName, pathOFFileE:\telmar_automation_projects\Selenium-Automation-Framework\TestCases2.xlsx]]>
    </line>
    <line>
      <![CDATA[getting total number of columns]]>
    </line>
    <line>
      <![CDATA[getting total number of rows]]>
    </line>
    <line>
      <![CDATA[About to end executing Test ]]>
    </line>
    <line>
      <![CDATA[About to end executing Test ]]>
    </line>
    <line>
      <![CDATA[About to end executing Test ]]>
    </line>
    <line>
      <![CDATA[About to end executing Test ]]>
    </line>
    <line>
      <![CDATA[About to end executing Test ]]>
    </line>
    <line>
      <![CDATA[About to end executing Test ]]>
    </line>
    <line>
      <![CDATA[About to end executing Test ]]>
    </line>
    <line>
      <![CDATA[About to end executing Test ]]>
    </line>
    <line>
      <![CDATA[About to end executing Test ]]>
    </line>
    <line>
      <![CDATA[About to end executing Test ]]>
    </line>
    <line>
      <![CDATA[About to end executing Test ]]>
    </line>
    <line>
      <![CDATA[About to end executing Test ]]>
    </line>
    <line>
      <![CDATA[About to end executing Test ]]>
    </line>
    <line>
      <![CDATA[About to end executing Test ]]>
    </line>
    <line>
      <![CDATA[About to end executing Test ]]>
    </line>
    <line>
      <![CDATA[About to end executing Test ]]>
    </line>
    <line>
      <![CDATA[About to end executing Test ]]>
    </line>
    <line>
      <![CDATA[About to end executing Test ]]>
    </line>
    <line>
      <![CDATA[About to end executing Test ]]>
    </line>
    <line>
      <![CDATA[About to end executing Test ]]>
    </line>
    <line>
      <![CDATA[About to end executing Test ]]>
    </line>
    <line>
      <![CDATA[About to end executing Test ]]>
    </line>
    <line>
      <![CDATA[About to end executing Test ]]>
    </line>
    <line>
      <![CDATA[About to end executing Test ]]>
    </line>
    <line>
      <![CDATA[About to end executing Test ]]>
    </line>
    <line>
      <![CDATA[About to end executing Test ]]>
    </line>
    <line>
      <![CDATA[About to end executing Test ]]>
    </line>
    <line>
      <![CDATA[About to end executing Test ]]>
    </line>
    <line>
      <![CDATA[About to end executing Test ]]>
    </line>
    <line>
      <![CDATA[About to end executing Test ]]>
    </line>
    <line>
      <![CDATA[About to end executing Test ]]>
    </line>
    <line>
      <![CDATA[About to end executing Test ]]>
    </line>
    <line>
      <![CDATA[About to end executing Test ]]>
    </line>
    <line>
      <![CDATA[About to end executing Test ]]>
    </line>
    <line>
      <![CDATA[About to end executing Test ]]>
    </line>
    <line>
      <![CDATA[About to end executing Test ]]>
    </line>
    <line>
      <![CDATA[About to end executing Test ]]>
    </line>
    <line>
      <![CDATA[About to end executing Test ]]>
    </line>
    <line>
      <![CDATA[About to end executing Test ]]>
    </line>
    <line>
      <![CDATA[About to end executing Test ]]>
    </line>
    <line>
      <![CDATA[About to end executing Test ]]>
    </line>
    <line>
      <![CDATA[About to end executing Test ]]>
    </line>
    <line>
      <![CDATA[About to end executing Test ]]>
    </line>
    <line>
      <![CDATA[About to end executing Test ]]>
    </line>
    <line>
      <![CDATA[About to end executing Test ]]>
    </line>
    <line>
      <![CDATA[About to end executing Test ]]>
    </line>
    <line>
      <![CDATA[About to end executing Test ]]>
    </line>
    <line>
      <![CDATA[About to end executing Test ]]>
    </line>
    <line>
      <![CDATA[About to end executing Test ]]>
    </line>
    <line>
      <![CDATA[About to end executing Test ]]>
    </line>
    <line>
      <![CDATA[About to end executing Test ]]>
    </line>
    <line>
      <![CDATA[About to end executing Test ]]>
    </line>
    <line>
      <![CDATA[About to end executing Test ]]>
    </line>
    <line>
      <![CDATA[About to end executing Test ]]>
    </line>
    <line>
      <![CDATA[About to end executing Test ]]>
    </line>
    <line>
      <![CDATA[About to end executing Test ]]>
    </line>
    <line>
      <![CDATA[About to end executing Test ]]>
    </line>
    <line>
      <![CDATA[About to end executing Test ]]>
    </line>
    <line>
      <![CDATA[About to end executing Test ]]>
    </line>
    <line>
      <![CDATA[About to end executing Test ]]>
    </line>
    <line>
      <![CDATA[About to end executing Test ]]>
    </line>
    <line>
      <![CDATA[About to end executing Test ]]>
    </line>
    <line>
      <![CDATA[About to end executing Test ]]>
    </line>
    <line>
      <![CDATA[About to end executing Test ]]>
    </line>
    <line>
      <![CDATA[About to end executing Test ]]>
    </line>
    <line>
      <![CDATA[About to end executing Test ]]>
    </line>
    <line>
      <![CDATA[About to end executing Test AudioTab Test Cases]]>
    </line>
  </reporter-output>
  <suite name="AudioTab" duration-ms="1571" started-at="2018-05-05T06:34:18Z" finished-at="2018-05-05T06:34:20Z">
    <groups>
    </groups>
    <test name="AudioTab Test Cases" duration-ms="1571" started-at="2018-05-05T06:34:18Z" finished-at="2018-05-05T06:34:20Z">
      <class name="main.java.util.ExecuteTestCases">
        <test-method status="FAIL" signature="setup()[pri:0, instance:main.java.util.ExecuteTestCases@1e67b872]" test-instance-name="" name="setup" is-config="true" duration-ms="0" started-at="2018-05-04T23:34:18Z" finished-at="2018-05-04T23:34:18Z">
          <exception class="java.lang.IllegalStateException">
            <message>
              <![CDATA[The driver executable does not exist: E:\telmar_automation_projects\Selenium-Automation-Framework\driver\chromedriver.exe]]>
            </message>
            <full-stacktrace>
              <![CDATA[java.lang.IllegalStateException: The driver executable does not exist: E:\telmar_automation_projects\Selenium-Automation-Framework\driver\chromedriver.exe
	at com.google.common.base.Preconditions.checkState(Preconditions.java:197)
	at org.openqa.selenium.remote.service.DriverService.checkExecutable(DriverService.java:122)
	at org.openqa.selenium.remote.service.DriverService.findExecutable(DriverService.java:117)
	at org.openqa.selenium.chrome.ChromeDriverService.access$000(ChromeDriverService.java:32)
	at org.openqa.selenium.chrome.ChromeDriverService$Builder.findDefaultExecutable(ChromeDriverService.java:118)
	at org.openqa.selenium.remote.service.DriverService$Builder.build(DriverService.java:291)
	at org.openqa.selenium.chrome.ChromeDriverService.createDefaultService(ChromeDriverService.java:82)
	at org.openqa.selenium.chrome.ChromeDriver.<init>(ChromeDriver.java:117)
	at main.java.util.ExecuteTestCases.chrome(ExecuteTestCases.java:83)
	at main.java.util.ExecuteTestCases.selectBrowser(ExecuteTestCases.java:72)
	at main.java.util.ExecuteTestCases.setup(ExecuteTestCases.java:50)
	at sun.reflect.NativeMethodAccessorImpl.invoke0(Native Method)
	at sun.reflect.NativeMethodAccessorImpl.invoke(Unknown Source)
	at sun.reflect.DelegatingMethodAccessorImpl.invoke(Unknown Source)
	at java.lang.reflect.Method.invoke(Unknown Source)
	at org.testng.internal.MethodInvocationHelper.invokeMethod(MethodInvocationHelper.java:80)
	at org.testng.internal.Invoker.invokeConfigurationMethod(Invoker.java:564)
	at org.testng.internal.Invoker.invokeConfigurations(Invoker.java:213)
	at org.testng.internal.Invoker.invokeConfigurations(Invoker.java:138)
	at org.testng.internal.TestMethodWorker.invokeBeforeClassMethods(TestMethodWorker.java:175)
	at org.testng.internal.TestMethodWorker.run(TestMethodWorker.java:107)
	at org.testng.TestRunner.privateRun(TestRunner.java:767)
	at org.testng.TestRunner.run(TestRunner.java:617)
	at org.testng.SuiteRunner.runTest(SuiteRunner.java:334)
	at org.testng.SuiteRunner.runSequentially(SuiteRunner.java:329)
	at org.testng.SuiteRunner.privateRun(SuiteRunner.java:291)
	at org.testng.SuiteRunner.run(SuiteRunner.java:240)
	at org.testng.SuiteRunnerWorker.runSuite(SuiteRunnerWorker.java:52)
	at org.testng.SuiteRunnerWorker.run(SuiteRunnerWorker.java:86)
	at org.testng.TestNG.runSuitesSequentially(TestNG.java:1198)
	at org.testng.TestNG.runSuitesLocally(TestNG.java:1123)
	at org.testng.TestNG.run(TestNG.java:1031)
	at main.java.util.MainTestNG.testng(MainTestNG.java:65)
	at main.java.util.MainTestNG.main(MainTestNG.java:40)
]]>
            </full-stacktrace>
          </exception> <!-- java.lang.IllegalStateException -->
          <reporter-output>
            <line>
              <![CDATA[getting total number of rows]]>
            </line>
            <line>
              <![CDATA[getting total number of rows]]>
            </line>
            <line>
              <![CDATA[getting total number of rows]]>
            </line>
            <line>
              <![CDATA[getting total number of rows]]>
            </line>
            <line>
              <![CDATA[getting total number of rows]]>
            </line>
            <line>
              <![CDATA[getting total number of rows]]>
            </line>
            <line>
              <![CDATA[getting total number of rows]]>
            </line>
            <line>
              <![CDATA[getting total number of rows]]>
            </line>
            <line>
              <![CDATA[getting total number of rows]]>
            </line>
            <line>
              <![CDATA[getting total number of rows]]>
            </line>
            <line>
              <![CDATA[getting total number of rows]]>
            </line>
            <line>
              <![CDATA[getting total number of rows]]>
            </line>
            <line>
              <![CDATA[getting total number of rows]]>
            </line>
            <line>
              <![CDATA[getting total number of rows]]>
            </line>
            <line>
              <![CDATA[getting total number of rows]]>
            </line>
            <line>
              <![CDATA[getting total number of rows]]>
            </line>
            <line>
              <![CDATA[getting total number of rows]]>
            </line>
            <line>
              <![CDATA[getting total number of rows]]>
            </line>
            <line>
              <![CDATA[getting total number of rows]]>
            </line>
            <line>
              <![CDATA[getting total number of rows]]>
            </line>
            <line>
              <![CDATA[getting total number of rows]]>
            </line>
            <line>
              <![CDATA[getting total number of rows]]>
            </line>
            <line>
              <![CDATA[getting total number of rows]]>
            </line>
            <line>
              <![CDATA[getting total number of rows]]>
            </line>
            <line>
              <![CDATA[getting total number of rows]]>
            </line>
            <line>
              <![CDATA[getting total number of rows]]>
            </line>
            <line>
              <![CDATA[getting total number of rows]]>
            </line>
            <line>
              <![CDATA[getting total number of rows]]>
            </line>
            <line>
              <![CDATA[getting total number of rows]]>
            </line>
            <line>
              <![CDATA[getting total number of rows]]>
            </line>
            <line>
              <![CDATA[getting total number of rows]]>
            </line>
            <line>
              <![CDATA[getting total number of rows]]>
            </line>
            <line>
              <![CDATA[getting total number of rows]]>
            </line>
            <line>
              <![CDATA[getting total number of rows]]>
            </line>
            <line>
              <![CDATA[getting total number of rows]]>
            </line>
            <line>
              <![CDATA[getting total number of rows]]>
            </line>
            <line>
              <![CDATA[listOfTestCases=============*****************[TC001, TC002, TC003, TC004, TC005, TC006, TC007, TC008, TC009, TC010, TC011, TC012, TC013, TC014, TC015, TC016, TC017, TC018, TC019, TC020, TC021, TC022, TC023, TC024, TC025, TC026, TC027, TC028, TC029, TC030, TC031, TC032, TC033]]]>
            </line>
            <line>
              <![CDATA[getting total number of rows]]>
            </line>
            <line>
              <![CDATA[getting total number of rows]]>
            </line>
            <line>
              <![CDATA[getting total number of rows]]>
            </line>
            <line>
              <![CDATA[getting total number of rows]]>
            </line>
            <line>
              <![CDATA[getting total number of rows]]>
            </line>
            <line>
              <![CDATA[getting total number of rows]]>
            </line>
            <line>
              <![CDATA[getting total number of rows]]>
            </line>
            <line>
              <![CDATA[getting total number of rows]]>
            </line>
            <line>
              <![CDATA[getting total number of rows]]>
            </line>
            <line>
              <![CDATA[getting total number of rows]]>
            </line>
            <line>
              <![CDATA[getting total number of rows]]>
            </line>
            <line>
              <![CDATA[getting total number of rows]]>
            </line>
            <line>
              <![CDATA[getting total number of rows]]>
            </line>
            <line>
              <![CDATA[getting total number of rows]]>
            </line>
            <line>
              <![CDATA[getting total number of rows]]>
            </line>
            <line>
              <![CDATA[getting total number of rows]]>
            </line>
            <line>
              <![CDATA[getting total number of rows]]>
            </line>
            <line>
              <![CDATA[getting total number of rows]]>
            </line>
            <line>
              <![CDATA[getting total number of rows]]>
            </line>
            <line>
              <![CDATA[getting total number of rows]]>
            </line>
            <line>
              <![CDATA[getting total number of rows]]>
            </line>
            <line>
              <![CDATA[getting total number of rows]]>
            </line>
            <line>
              <![CDATA[getting total number of rows]]>
            </line>
            <line>
              <![CDATA[getting total number of rows]]>
            </line>
            <line>
              <![CDATA[getting total number of rows]]>
            </line>
            <line>
              <![CDATA[getting total number of rows]]>
            </line>
            <line>
              <![CDATA[getting total number of rows]]>
            </line>
            <line>
              <![CDATA[getting total number of rows]]>
            </line>
            <line>
              <![CDATA[getting total number of rows]]>
            </line>
            <line>
              <![CDATA[getting total number of rows]]>
            </line>
            <line>
              <![CDATA[getting total number of rows]]>
            </line>
            <line>
              <![CDATA[getting total number of rows]]>
            </line>
            <line>
              <![CDATA[getting total number of rows]]>
            </line>
            <line>
              <![CDATA[getting total number of rows]]>
            </line>
            <line>
              <![CDATA[getting total number of rows]]>
            </line>
            <line>
              <![CDATA[getting total number of rows]]>
            </line>
            <line>
              <![CDATA[getting total number of rows]]>
            </line>
            <line>
              <![CDATA[getting total number of rows]]>
            </line>
            <line>
              <![CDATA[getting total number of rows]]>
            </line>
            <line>
              <![CDATA[getting total number of rows]]>
            </line>
            <line>
              <![CDATA[getting total number of rows]]>
            </line>
            <line>
              <![CDATA[getting total number of rows]]>
            </line>
            <line>
              <![CDATA[getting total number of rows]]>
            </line>
            <line>
              <![CDATA[getting total number of rows]]>
            </line>
            <line>
              <![CDATA[getting total number of rows]]>
            </line>
            <line>
              <![CDATA[getting total number of rows]]>
            </line>
            <line>
              <![CDATA[getting total number of rows]]>
            </line>
            <line>
              <![CDATA[getting total number of rows]]>
            </line>
            <line>
              <![CDATA[getting total number of rows]]>
            </line>
            <line>
              <![CDATA[getting total number of rows]]>
            </line>
            <line>
              <![CDATA[getting total number of rows]]>
            </line>
            <line>
              <![CDATA[getting total number of rows]]>
            </line>
            <line>
              <![CDATA[getting total number of rows]]>
            </line>
            <line>
              <![CDATA[getting total number of rows]]>
            </line>
            <line>
              <![CDATA[getting total number of rows]]>
            </line>
            <line>
              <![CDATA[getting total number of rows]]>
            </line>
            <line>
              <![CDATA[getting total number of rows]]>
            </line>
            <line>
              <![CDATA[getting total number of rows]]>
            </line>
            <line>
              <![CDATA[getting total number of rows]]>
            </line>
            <line>
              <![CDATA[getting total number of rows]]>
            </line>
            <line>
              <![CDATA[getting total number of rows]]>
            </line>
            <line>
              <![CDATA[getting total number of rows]]>
            </line>
            <line>
              <![CDATA[getting total number of rows]]>
            </line>
            <line>
              <![CDATA[getting total number of rows]]>
            </line>
            <line>
              <![CDATA[getting total number of rows]]>
            </line>
            <line>
              <![CDATA[getting total number of rows]]>
            </line>
            <line>
              <![CDATA[getting total number of rows]]>
            </line>
            <line>
              <![CDATA[getting total number of rows]]>
            </line>
            <line>
              <![CDATA[getting total number of rows]]>
            </line>
            <line>
              <![CDATA[getting total number of rows]]>
            </line>
            <line>
              <![CDATA[getting total number of rows]]>
            </line>
            <line>
              <![CDATA[getting total number of rows]]>
            </line>
            <line>
              <![CDATA[getting total number of rows]]>
            </line>
            <line>
              <![CDATA[getting total number of rows]]>
            </line>
            <line>
              <![CDATA[getting total number of rows]]>
            </line>
            <line>
              <![CDATA[getting total number of rows]]>
            </line>
            <line>
              <![CDATA[getting total number of rows]]>
            </line>
            <line>
              <![CDATA[getting total number of rows]]>
            </line>
            <line>
              <![CDATA[getting total number of rows]]>
            </line>
            <line>
              <![CDATA[getting total number of rows]]>
            </line>
            <line>
              <![CDATA[getting total number of rows]]>
            </line>
            <line>
              <![CDATA[getting total number of rows]]>
            </line>
            <line>
              <![CDATA[getting total number of rows]]>
            </line>
            <line>
              <![CDATA[getting total number of rows]]>
            </line>
            <line>
              <![CDATA[getting total number of rows]]>
            </line>
            <line>
              <![CDATA[getting total number of rows]]>
            </line>
            <line>
              <![CDATA[getting total number of rows]]>
            </line>
            <line>
              <![CDATA[getting total number of rows]]>
            </line>
            <line>
              <![CDATA[getting total number of rows]]>
            </line>
            <line>
              <![CDATA[getting total number of rows]]>
            </line>
            <line>
              <![CDATA[getting total number of rows]]>
            </line>
            <line>
              <![CDATA[getting total number of rows]]>
            </line>
            <line>
              <![CDATA[getting total number of rows]]>
            </line>
            <line>
              <![CDATA[getting total number of rows]]>
            </line>
            <line>
              <![CDATA[getting total number of rows]]>
            </line>
            <line>
              <![CDATA[getting total number of rows]]>
            </line>
            <line>
              <![CDATA[getting total number of rows]]>
            </line>
            <line>
              <![CDATA[getting total number of rows]]>
            </line>
            <line>
              <![CDATA[getting total number of rows]]>
            </line>
            <line>
              <![CDATA[getting total number of rows]]>
            </line>
            <line>
              <![CDATA[getting total number of rows]]>
            </line>
            <line>
              <![CDATA[getting total number of rows]]>
            </line>
            <line>
              <![CDATA[getting total number of rows]]>
            </line>
            <line>
              <![CDATA[getting total number of rows]]>
            </line>
            <line>
              <![CDATA[getting total number of rows]]>
            </line>
            <line>
              <![CDATA[getting total number of rows]]>
            </line>
            <line>
              <![CDATA[getting total number of rows]]>
            </line>
            <line>
              <![CDATA[getting total number of rows]]>
            </line>
            <line>
              <![CDATA[getting total number of rows]]>
            </line>
            <line>
              <![CDATA[getting total number of rows]]>
            </line>
            <line>
              <![CDATA[getting total number of rows]]>
            </line>
            <line>
              <![CDATA[getting total number of rows]]>
            </line>
            <line>
              <![CDATA[getting total number of rows]]>
            </line>
            <line>
              <![CDATA[getting total number of rows]]>
            </line>
            <line>
              <![CDATA[getting total number of rows]]>
            </line>
            <line>
              <![CDATA[getting total number of rows]]>
            </line>
            <line>
              <![CDATA[getting total number of rows]]>
            </line>
            <line>
              <![CDATA[getting total number of rows]]>
            </line>
            <line>
              <![CDATA[getting total number of rows]]>
            </line>
            <line>
              <![CDATA[getting total number of rows]]>
            </line>
            <line>
              <![CDATA[getting total number of rows]]>
            </line>
            <line>
              <![CDATA[getting total number of rows]]>
            </line>
            <line>
              <![CDATA[getting total number of rows]]>
            </line>
            <line>
              <![CDATA[sheetNameCapturedObjectProperties----sheetName, pathOFFileE:\telmar_automation_projects\Selenium-Automation-Framework\TestCases2.xlsx]]>
            </line>
            <line>
              <![CDATA[getting total number of columns]]>
            </line>
            <line>
              <![CDATA[sheetNameTC002_DS----sheetName, pathOFFileE:\telmar_automation_projects\Selenium-Automation-Framework\TestCases2.xlsx]]>
            </line>
            <line>
              <![CDATA[getting total number of columns]]>
            </line>
            <line>
              <![CDATA[sheetNameTC001_DS----sheetName, pathOFFileE:\telmar_automation_projects\Selenium-Automation-Framework\TestCases2.xlsx]]>
            </line>
            <line>
              <![CDATA[getting total number of columns]]>
            </line>
            <line>
              <![CDATA[getting total number of rows]]>
            </line>
          </reporter-output>
        </test-method> <!-- setup -->
        <test-method status="SKIP" signature="testData([Ljava.lang.Object;)[pri:0, instance:main.java.util.ExecuteTestCases@1e67b872]" test-instance-name="" name="testData" is-config="true" duration-ms="0" started-at="2018-05-04T23:34:20Z" finished-at="2018-05-04T23:34:20Z">
          <reporter-output>
          </reporter-output>
        </test-method> <!-- testData -->
        <test-method status="SKIP" signature="testSample(java.lang.String)[pri:0, instance:main.java.util.ExecuteTestCases@1e67b872]" test-instance-name="" name="testSample" duration-ms="1" started-at="2018-05-04T23:34:20Z" data-provider="dp" finished-at="2018-05-04T23:34:20Z">
          <params>
            <param index="0">
              <value>
                <![CDATA[TC001]]>
              </value>
            </param>
          </params>
          <reporter-output>
          </reporter-output>
        </test-method> <!-- testSample -->
        <test-method status="SKIP" signature="setResultTestName(org.testng.ITestResult)[pri:0, instance:main.java.util.ExecuteTestCases@1e67b872]" test-instance-name="" name="setResultTestName" is-config="true" duration-ms="0" started-at="2018-05-04T23:34:20Z" finished-at="2018-05-04T23:34:20Z">
          <reporter-output>
          </reporter-output>
        </test-method> <!-- setResultTestName -->
        <test-method status="SKIP" signature="testSample(java.lang.String)[pri:0, instance:main.java.util.ExecuteTestCases@1e67b872]" test-instance-name="" name="testSample" duration-ms="1" started-at="2018-05-04T23:34:20Z" data-provider="dp" finished-at="2018-05-04T23:34:20Z">
          <params>
            <param index="0">
              <value>
                <![CDATA[TC002]]>
              </value>
            </param>
          </params>
          <reporter-output>
          </reporter-output>
        </test-method> <!-- testSample -->
        <test-method status="SKIP" signature="testData([Ljava.lang.Object;)[pri:0, instance:main.java.util.ExecuteTestCases@1e67b872]" test-instance-name="" name="testData" is-config="true" duration-ms="0" started-at="2018-05-04T23:34:20Z" finished-at="2018-05-04T23:34:20Z">
          <reporter-output>
          </reporter-output>
        </test-method> <!-- testData -->
        <test-method status="SKIP" signature="setResultTestName(org.testng.ITestResult)[pri:0, instance:main.java.util.ExecuteTestCases@1e67b872]" test-instance-name="" name="setResultTestName" is-config="true" duration-ms="0" started-at="2018-05-04T23:34:20Z" finished-at="2018-05-04T23:34:20Z">
          <reporter-output>
          </reporter-output>
        </test-method> <!-- setResultTestName -->
        <test-method status="SKIP" signature="setResultTestName(org.testng.ITestResult)[pri:0, instance:main.java.util.ExecuteTestCases@1e67b872]" test-instance-name="" name="setResultTestName" is-config="true" duration-ms="0" started-at="2018-05-04T23:34:20Z" finished-at="2018-05-04T23:34:20Z">
          <reporter-output>
          </reporter-output>
        </test-method> <!-- setResultTestName -->
        <test-method status="SKIP" signature="testData([Ljava.lang.Object;)[pri:0, instance:main.java.util.ExecuteTestCases@1e67b872]" test-instance-name="" name="testData" is-config="true" duration-ms="0" started-at="2018-05-04T23:34:20Z" finished-at="2018-05-04T23:34:20Z">
          <reporter-output>
          </reporter-output>
        </test-method> <!-- testData -->
        <test-method status="SKIP" signature="testSample(java.lang.String)[pri:0, instance:main.java.util.ExecuteTestCases@1e67b872]" test-instance-name="" name="testSample" duration-ms="0" started-at="2018-05-04T23:34:20Z" data-provider="dp" finished-at="2018-05-04T23:34:20Z">
          <params>
            <param index="0">
              <value>
                <![CDATA[TC003]]>
              </value>
            </param>
          </params>
          <reporter-output>
          </reporter-output>
        </test-method> <!-- testSample -->
        <test-method status="SKIP" signature="setResultTestName(org.testng.ITestResult)[pri:0, instance:main.java.util.ExecuteTestCases@1e67b872]" test-instance-name="" name="setResultTestName" is-config="true" duration-ms="0" started-at="2018-05-04T23:34:20Z" finished-at="2018-05-04T23:34:20Z">
          <reporter-output>
          </reporter-output>
        </test-method> <!-- setResultTestName -->
        <test-method status="SKIP" signature="testSample(java.lang.String)[pri:0, instance:main.java.util.ExecuteTestCases@1e67b872]" test-instance-name="" name="testSample" duration-ms="0" started-at="2018-05-04T23:34:20Z" data-provider="dp" finished-at="2018-05-04T23:34:20Z">
          <params>
            <param index="0">
              <value>
                <![CDATA[TC004]]>
              </value>
            </param>
          </params>
          <reporter-output>
          </reporter-output>
        </test-method> <!-- testSample -->
        <test-method status="SKIP" signature="testData([Ljava.lang.Object;)[pri:0, instance:main.java.util.ExecuteTestCases@1e67b872]" test-instance-name="" name="testData" is-config="true" duration-ms="0" started-at="2018-05-04T23:34:20Z" finished-at="2018-05-04T23:34:20Z">
          <reporter-output>
          </reporter-output>
        </test-method> <!-- testData -->
        <test-method status="SKIP" signature="testSample(java.lang.String)[pri:0, instance:main.java.util.ExecuteTestCases@1e67b872]" test-instance-name="" name="testSample" duration-ms="1" started-at="2018-05-04T23:34:20Z" data-provider="dp" finished-at="2018-05-04T23:34:20Z">
          <params>
            <param index="0">
              <value>
                <![CDATA[TC005]]>
              </value>
            </param>
          </params>
          <reporter-output>
          </reporter-output>
        </test-method> <!-- testSample -->
        <test-method status="SKIP" signature="testData([Ljava.lang.Object;)[pri:0, instance:main.java.util.ExecuteTestCases@1e67b872]" test-instance-name="" name="testData" is-config="true" duration-ms="0" started-at="2018-05-04T23:34:20Z" finished-at="2018-05-04T23:34:20Z">
          <reporter-output>
          </reporter-output>
        </test-method> <!-- testData -->
        <test-method status="SKIP" signature="setResultTestName(org.testng.ITestResult)[pri:0, instance:main.java.util.ExecuteTestCases@1e67b872]" test-instance-name="" name="setResultTestName" is-config="true" duration-ms="0" started-at="2018-05-04T23:34:20Z" finished-at="2018-05-04T23:34:20Z">
          <reporter-output>
          </reporter-output>
        </test-method> <!-- setResultTestName -->
        <test-method status="SKIP" signature="testData([Ljava.lang.Object;)[pri:0, instance:main.java.util.ExecuteTestCases@1e67b872]" test-instance-name="" name="testData" is-config="true" duration-ms="0" started-at="2018-05-04T23:34:20Z" finished-at="2018-05-04T23:34:20Z">
          <reporter-output>
          </reporter-output>
        </test-method> <!-- testData -->
        <test-method status="SKIP" signature="testSample(java.lang.String)[pri:0, instance:main.java.util.ExecuteTestCases@1e67b872]" test-instance-name="" name="testSample" duration-ms="1" started-at="2018-05-04T23:34:20Z" data-provider="dp" finished-at="2018-05-04T23:34:20Z">
          <params>
            <param index="0">
              <value>
                <![CDATA[TC006]]>
              </value>
            </param>
          </params>
          <reporter-output>
          </reporter-output>
        </test-method> <!-- testSample -->
        <test-method status="SKIP" signature="testData([Ljava.lang.Object;)[pri:0, instance:main.java.util.ExecuteTestCases@1e67b872]" test-instance-name="" name="testData" is-config="true" duration-ms="0" started-at="2018-05-04T23:34:20Z" finished-at="2018-05-04T23:34:20Z">
          <reporter-output>
          </reporter-output>
        </test-method> <!-- testData -->
        <test-method status="SKIP" signature="testSample(java.lang.String)[pri:0, instance:main.java.util.ExecuteTestCases@1e67b872]" test-instance-name="" name="testSample" duration-ms="1" started-at="2018-05-04T23:34:20Z" data-provider="dp" finished-at="2018-05-04T23:34:20Z">
          <params>
            <param index="0">
              <value>
                <![CDATA[TC007]]>
              </value>
            </param>
          </params>
          <reporter-output>
          </reporter-output>
        </test-method> <!-- testSample -->
        <test-method status="SKIP" signature="setResultTestName(org.testng.ITestResult)[pri:0, instance:main.java.util.ExecuteTestCases@1e67b872]" test-instance-name="" name="setResultTestName" is-config="true" duration-ms="0" started-at="2018-05-04T23:34:20Z" finished-at="2018-05-04T23:34:20Z">
          <reporter-output>
          </reporter-output>
        </test-method> <!-- setResultTestName -->
        <test-method status="SKIP" signature="testData([Ljava.lang.Object;)[pri:0, instance:main.java.util.ExecuteTestCases@1e67b872]" test-instance-name="" name="testData" is-config="true" duration-ms="0" started-at="2018-05-04T23:34:20Z" finished-at="2018-05-04T23:34:20Z">
          <reporter-output>
          </reporter-output>
        </test-method> <!-- testData -->
        <test-method status="SKIP" signature="testSample(java.lang.String)[pri:0, instance:main.java.util.ExecuteTestCases@1e67b872]" test-instance-name="" name="testSample" duration-ms="1" started-at="2018-05-04T23:34:20Z" data-provider="dp" finished-at="2018-05-04T23:34:20Z">
          <params>
            <param index="0">
              <value>
                <![CDATA[TC008]]>
              </value>
            </param>
          </params>
          <reporter-output>
          </reporter-output>
        </test-method> <!-- testSample -->
        <test-method status="SKIP" signature="setResultTestName(org.testng.ITestResult)[pri:0, instance:main.java.util.ExecuteTestCases@1e67b872]" test-instance-name="" name="setResultTestName" is-config="true" duration-ms="0" started-at="2018-05-04T23:34:20Z" finished-at="2018-05-04T23:34:20Z">
          <reporter-output>
          </reporter-output>
        </test-method> <!-- setResultTestName -->
        <test-method status="SKIP" signature="testSample(java.lang.String)[pri:0, instance:main.java.util.ExecuteTestCases@1e67b872]" test-instance-name="" name="testSample" duration-ms="0" started-at="2018-05-04T23:34:20Z" data-provider="dp" finished-at="2018-05-04T23:34:20Z">
          <params>
            <param index="0">
              <value>
                <![CDATA[TC009]]>
              </value>
            </param>
          </params>
          <reporter-output>
          </reporter-output>
        </test-method> <!-- testSample -->
        <test-method status="SKIP" signature="setResultTestName(org.testng.ITestResult)[pri:0, instance:main.java.util.ExecuteTestCases@1e67b872]" test-instance-name="" name="setResultTestName" is-config="true" duration-ms="0" started-at="2018-05-04T23:34:20Z" finished-at="2018-05-04T23:34:20Z">
          <reporter-output>
          </reporter-output>
        </test-method> <!-- setResultTestName -->
        <test-method status="SKIP" signature="testData([Ljava.lang.Object;)[pri:0, instance:main.java.util.ExecuteTestCases@1e67b872]" test-instance-name="" name="testData" is-config="true" duration-ms="0" started-at="2018-05-04T23:34:20Z" finished-at="2018-05-04T23:34:20Z">
          <reporter-output>
          </reporter-output>
        </test-method> <!-- testData -->
        <test-method status="SKIP" signature="setResultTestName(org.testng.ITestResult)[pri:0, instance:main.java.util.ExecuteTestCases@1e67b872]" test-instance-name="" name="setResultTestName" is-config="true" duration-ms="0" started-at="2018-05-04T23:34:20Z" finished-at="2018-05-04T23:34:20Z">
          <reporter-output>
          </reporter-output>
        </test-method> <!-- setResultTestName -->
        <test-method status="SKIP" signature="testSample(java.lang.String)[pri:0, instance:main.java.util.ExecuteTestCases@1e67b872]" test-instance-name="" name="testSample" duration-ms="0" started-at="2018-05-04T23:34:20Z" data-provider="dp" finished-at="2018-05-04T23:34:20Z">
          <params>
            <param index="0">
              <value>
                <![CDATA[TC010]]>
              </value>
            </param>
          </params>
          <reporter-output>
          </reporter-output>
        </test-method> <!-- testSample -->
        <test-method status="SKIP" signature="testData([Ljava.lang.Object;)[pri:0, instance:main.java.util.ExecuteTestCases@1e67b872]" test-instance-name="" name="testData" is-config="true" duration-ms="0" started-at="2018-05-04T23:34:20Z" finished-at="2018-05-04T23:34:20Z">
          <reporter-output>
          </reporter-output>
        </test-method> <!-- testData -->
        <test-method status="SKIP" signature="testData([Ljava.lang.Object;)[pri:0, instance:main.java.util.ExecuteTestCases@1e67b872]" test-instance-name="" name="testData" is-config="true" duration-ms="0" started-at="2018-05-04T23:34:20Z" finished-at="2018-05-04T23:34:20Z">
          <reporter-output>
          </reporter-output>
        </test-method> <!-- testData -->
        <test-method status="SKIP" signature="setResultTestName(org.testng.ITestResult)[pri:0, instance:main.java.util.ExecuteTestCases@1e67b872]" test-instance-name="" name="setResultTestName" is-config="true" duration-ms="0" started-at="2018-05-04T23:34:20Z" finished-at="2018-05-04T23:34:20Z">
          <reporter-output>
          </reporter-output>
        </test-method> <!-- setResultTestName -->
        <test-method status="SKIP" signature="testSample(java.lang.String)[pri:0, instance:main.java.util.ExecuteTestCases@1e67b872]" test-instance-name="" name="testSample" duration-ms="1" started-at="2018-05-04T23:34:20Z" data-provider="dp" finished-at="2018-05-04T23:34:20Z">
          <params>
            <param index="0">
              <value>
                <![CDATA[TC011]]>
              </value>
            </param>
          </params>
          <reporter-output>
          </reporter-output>
        </test-method> <!-- testSample -->
        <test-method status="SKIP" signature="testData([Ljava.lang.Object;)[pri:0, instance:main.java.util.ExecuteTestCases@1e67b872]" test-instance-name="" name="testData" is-config="true" duration-ms="0" started-at="2018-05-04T23:34:20Z" finished-at="2018-05-04T23:34:20Z">
          <reporter-output>
          </reporter-output>
        </test-method> <!-- testData -->
        <test-method status="SKIP" signature="setResultTestName(org.testng.ITestResult)[pri:0, instance:main.java.util.ExecuteTestCases@1e67b872]" test-instance-name="" name="setResultTestName" is-config="true" duration-ms="0" started-at="2018-05-04T23:34:20Z" finished-at="2018-05-04T23:34:20Z">
          <reporter-output>
          </reporter-output>
        </test-method> <!-- setResultTestName -->
        <test-method status="SKIP" signature="testSample(java.lang.String)[pri:0, instance:main.java.util.ExecuteTestCases@1e67b872]" test-instance-name="" name="testSample" duration-ms="1" started-at="2018-05-04T23:34:20Z" data-provider="dp" finished-at="2018-05-04T23:34:20Z">
          <params>
            <param index="0">
              <value>
                <![CDATA[TC012]]>
              </value>
            </param>
          </params>
          <reporter-output>
          </reporter-output>
        </test-method> <!-- testSample -->
        <test-method status="SKIP" signature="testData([Ljava.lang.Object;)[pri:0, instance:main.java.util.ExecuteTestCases@1e67b872]" test-instance-name="" name="testData" is-config="true" duration-ms="0" started-at="2018-05-04T23:34:20Z" finished-at="2018-05-04T23:34:20Z">
          <reporter-output>
          </reporter-output>
        </test-method> <!-- testData -->
        <test-method status="SKIP" signature="testSample(java.lang.String)[pri:0, instance:main.java.util.ExecuteTestCases@1e67b872]" test-instance-name="" name="testSample" duration-ms="1" started-at="2018-05-04T23:34:20Z" data-provider="dp" finished-at="2018-05-04T23:34:20Z">
          <params>
            <param index="0">
              <value>
                <![CDATA[TC013]]>
              </value>
            </param>
          </params>
          <reporter-output>
          </reporter-output>
        </test-method> <!-- testSample -->
        <test-method status="SKIP" signature="setResultTestName(org.testng.ITestResult)[pri:0, instance:main.java.util.ExecuteTestCases@1e67b872]" test-instance-name="" name="setResultTestName" is-config="true" duration-ms="0" started-at="2018-05-04T23:34:20Z" finished-at="2018-05-04T23:34:20Z">
          <reporter-output>
          </reporter-output>
        </test-method> <!-- setResultTestName -->
        <test-method status="SKIP" signature="setResultTestName(org.testng.ITestResult)[pri:0, instance:main.java.util.ExecuteTestCases@1e67b872]" test-instance-name="" name="setResultTestName" is-config="true" duration-ms="0" started-at="2018-05-04T23:34:20Z" finished-at="2018-05-04T23:34:20Z">
          <reporter-output>
          </reporter-output>
        </test-method> <!-- setResultTestName -->
        <test-method status="SKIP" signature="testSample(java.lang.String)[pri:0, instance:main.java.util.ExecuteTestCases@1e67b872]" test-instance-name="" name="testSample" duration-ms="0" started-at="2018-05-04T23:34:20Z" data-provider="dp" finished-at="2018-05-04T23:34:20Z">
          <params>
            <param index="0">
              <value>
                <![CDATA[TC014]]>
              </value>
            </param>
          </params>
          <reporter-output>
          </reporter-output>
        </test-method> <!-- testSample -->
        <test-method status="SKIP" signature="testData([Ljava.lang.Object;)[pri:0, instance:main.java.util.ExecuteTestCases@1e67b872]" test-instance-name="" name="testData" is-config="true" duration-ms="0" started-at="2018-05-04T23:34:20Z" finished-at="2018-05-04T23:34:20Z">
          <reporter-output>
          </reporter-output>
        </test-method> <!-- testData -->
        <test-method status="SKIP" signature="testSample(java.lang.String)[pri:0, instance:main.java.util.ExecuteTestCases@1e67b872]" test-instance-name="" name="testSample" duration-ms="0" started-at="2018-05-04T23:34:20Z" data-provider="dp" finished-at="2018-05-04T23:34:20Z">
          <params>
            <param index="0">
              <value>
                <![CDATA[TC015]]>
              </value>
            </param>
          </params>
          <reporter-output>
          </reporter-output>
        </test-method> <!-- testSample -->
        <test-method status="SKIP" signature="testData([Ljava.lang.Object;)[pri:0, instance:main.java.util.ExecuteTestCases@1e67b872]" test-instance-name="" name="testData" is-config="true" duration-ms="0" started-at="2018-05-04T23:34:20Z" finished-at="2018-05-04T23:34:20Z">
          <reporter-output>
          </reporter-output>
        </test-method> <!-- testData -->
        <test-method status="SKIP" signature="setResultTestName(org.testng.ITestResult)[pri:0, instance:main.java.util.ExecuteTestCases@1e67b872]" test-instance-name="" name="setResultTestName" is-config="true" duration-ms="0" started-at="2018-05-04T23:34:20Z" finished-at="2018-05-04T23:34:20Z">
          <reporter-output>
          </reporter-output>
        </test-method> <!-- setResultTestName -->
        <test-method status="SKIP" signature="setResultTestName(org.testng.ITestResult)[pri:0, instance:main.java.util.ExecuteTestCases@1e67b872]" test-instance-name="" name="setResultTestName" is-config="true" duration-ms="0" started-at="2018-05-04T23:34:20Z" finished-at="2018-05-04T23:34:20Z">
          <reporter-output>
          </reporter-output>
        </test-method> <!-- setResultTestName -->
        <test-method status="SKIP" signature="testData([Ljava.lang.Object;)[pri:0, instance:main.java.util.ExecuteTestCases@1e67b872]" test-instance-name="" name="testData" is-config="true" duration-ms="0" started-at="2018-05-04T23:34:20Z" finished-at="2018-05-04T23:34:20Z">
          <reporter-output>
          </reporter-output>
        </test-method> <!-- testData -->
        <test-method status="SKIP" signature="testSample(java.lang.String)[pri:0, instance:main.java.util.ExecuteTestCases@1e67b872]" test-instance-name="" name="testSample" duration-ms="0" started-at="2018-05-04T23:34:20Z" data-provider="dp" finished-at="2018-05-04T23:34:20Z">
          <params>
            <param index="0">
              <value>
                <![CDATA[TC016]]>
              </value>
            </param>
          </params>
          <reporter-output>
          </reporter-output>
        </test-method> <!-- testSample -->
        <test-method status="SKIP" signature="testSample(java.lang.String)[pri:0, instance:main.java.util.ExecuteTestCases@1e67b872]" test-instance-name="" name="testSample" duration-ms="1" started-at="2018-05-04T23:34:20Z" data-provider="dp" finished-at="2018-05-04T23:34:20Z">
          <params>
            <param index="0">
              <value>
                <![CDATA[TC017]]>
              </value>
            </param>
          </params>
          <reporter-output>
          </reporter-output>
        </test-method> <!-- testSample -->
        <test-method status="SKIP" signature="setResultTestName(org.testng.ITestResult)[pri:0, instance:main.java.util.ExecuteTestCases@1e67b872]" test-instance-name="" name="setResultTestName" is-config="true" duration-ms="0" started-at="2018-05-04T23:34:20Z" finished-at="2018-05-04T23:34:20Z">
          <reporter-output>
          </reporter-output>
        </test-method> <!-- setResultTestName -->
        <test-method status="SKIP" signature="testData([Ljava.lang.Object;)[pri:0, instance:main.java.util.ExecuteTestCases@1e67b872]" test-instance-name="" name="testData" is-config="true" duration-ms="0" started-at="2018-05-04T23:34:20Z" finished-at="2018-05-04T23:34:20Z">
          <reporter-output>
          </reporter-output>
        </test-method> <!-- testData -->
        <test-method status="SKIP" signature="testData([Ljava.lang.Object;)[pri:0, instance:main.java.util.ExecuteTestCases@1e67b872]" test-instance-name="" name="testData" is-config="true" duration-ms="0" started-at="2018-05-04T23:34:20Z" finished-at="2018-05-04T23:34:20Z">
          <reporter-output>
          </reporter-output>
        </test-method> <!-- testData -->
        <test-method status="SKIP" signature="testData([Ljava.lang.Object;)[pri:0, instance:main.java.util.ExecuteTestCases@1e67b872]" test-instance-name="" name="testData" is-config="true" duration-ms="0" started-at="2018-05-04T23:34:20Z" finished-at="2018-05-04T23:34:20Z">
          <reporter-output>
          </reporter-output>
        </test-method> <!-- testData -->
        <test-method status="SKIP" signature="testSample(java.lang.String)[pri:0, instance:main.java.util.ExecuteTestCases@1e67b872]" test-instance-name="" name="testSample" duration-ms="0" started-at="2018-05-04T23:34:20Z" data-provider="dp" finished-at="2018-05-04T23:34:20Z">
          <params>
            <param index="0">
              <value>
                <![CDATA[TC018]]>
              </value>
            </param>
          </params>
          <reporter-output>
          </reporter-output>
        </test-method> <!-- testSample -->
        <test-method status="SKIP" signature="setResultTestName(org.testng.ITestResult)[pri:0, instance:main.java.util.ExecuteTestCases@1e67b872]" test-instance-name="" name="setResultTestName" is-config="true" duration-ms="0" started-at="2018-05-04T23:34:20Z" finished-at="2018-05-04T23:34:20Z">
          <reporter-output>
          </reporter-output>
        </test-method> <!-- setResultTestName -->
        <test-method status="SKIP" signature="setResultTestName(org.testng.ITestResult)[pri:0, instance:main.java.util.ExecuteTestCases@1e67b872]" test-instance-name="" name="setResultTestName" is-config="true" duration-ms="0" started-at="2018-05-04T23:34:20Z" finished-at="2018-05-04T23:34:20Z">
          <reporter-output>
          </reporter-output>
        </test-method> <!-- setResultTestName -->
        <test-method status="SKIP" signature="testSample(java.lang.String)[pri:0, instance:main.java.util.ExecuteTestCases@1e67b872]" test-instance-name="" name="testSample" duration-ms="1" started-at="2018-05-04T23:34:20Z" data-provider="dp" finished-at="2018-05-04T23:34:20Z">
          <params>
            <param index="0">
              <value>
                <![CDATA[TC019]]>
              </value>
            </param>
          </params>
          <reporter-output>
          </reporter-output>
        </test-method> <!-- testSample -->
        <test-method status="SKIP" signature="testData([Ljava.lang.Object;)[pri:0, instance:main.java.util.ExecuteTestCases@1e67b872]" test-instance-name="" name="testData" is-config="true" duration-ms="0" started-at="2018-05-04T23:34:20Z" finished-at="2018-05-04T23:34:20Z">
          <reporter-output>
          </reporter-output>
        </test-method> <!-- testData -->
        <test-method status="SKIP" signature="setResultTestName(org.testng.ITestResult)[pri:0, instance:main.java.util.ExecuteTestCases@1e67b872]" test-instance-name="" name="setResultTestName" is-config="true" duration-ms="0" started-at="2018-05-04T23:34:20Z" finished-at="2018-05-04T23:34:20Z">
          <reporter-output>
          </reporter-output>
        </test-method> <!-- setResultTestName -->
        <test-method status="SKIP" signature="testSample(java.lang.String)[pri:0, instance:main.java.util.ExecuteTestCases@1e67b872]" test-instance-name="" name="testSample" duration-ms="1" started-at="2018-05-04T23:34:20Z" data-provider="dp" finished-at="2018-05-04T23:34:20Z">
          <params>
            <param index="0">
              <value>
                <![CDATA[TC020]]>
              </value>
            </param>
          </params>
          <reporter-output>
          </reporter-output>
        </test-method> <!-- testSample -->
        <test-method status="SKIP" signature="setResultTestName(org.testng.ITestResult)[pri:0, instance:main.java.util.ExecuteTestCases@1e67b872]" test-instance-name="" name="setResultTestName" is-config="true" duration-ms="0" started-at="2018-05-04T23:34:20Z" finished-at="2018-05-04T23:34:20Z">
          <reporter-output>
          </reporter-output>
        </test-method> <!-- setResultTestName -->
        <test-method status="SKIP" signature="testSample(java.lang.String)[pri:0, instance:main.java.util.ExecuteTestCases@1e67b872]" test-instance-name="" name="testSample" duration-ms="0" started-at="2018-05-04T23:34:20Z" data-provider="dp" finished-at="2018-05-04T23:34:20Z">
          <params>
            <param index="0">
              <value>
                <![CDATA[TC021]]>
              </value>
            </param>
          </params>
          <reporter-output>
          </reporter-output>
        </test-method> <!-- testSample -->
        <test-method status="SKIP" signature="setResultTestName(org.testng.ITestResult)[pri:0, instance:main.java.util.ExecuteTestCases@1e67b872]" test-instance-name="" name="setResultTestName" is-config="true" duration-ms="0" started-at="2018-05-04T23:34:20Z" finished-at="2018-05-04T23:34:20Z">
          <reporter-output>
          </reporter-output>
        </test-method> <!-- setResultTestName -->
        <test-method status="SKIP" signature="testData([Ljava.lang.Object;)[pri:0, instance:main.java.util.ExecuteTestCases@1e67b872]" test-instance-name="" name="testData" is-config="true" duration-ms="0" started-at="2018-05-04T23:34:20Z" finished-at="2018-05-04T23:34:20Z">
          <reporter-output>
          </reporter-output>
        </test-method> <!-- testData -->
        <test-method status="SKIP" signature="testData([Ljava.lang.Object;)[pri:0, instance:main.java.util.ExecuteTestCases@1e67b872]" test-instance-name="" name="testData" is-config="true" duration-ms="0" started-at="2018-05-04T23:34:20Z" finished-at="2018-05-04T23:34:20Z">
          <reporter-output>
          </reporter-output>
        </test-method> <!-- testData -->
        <test-method status="SKIP" signature="setResultTestName(org.testng.ITestResult)[pri:0, instance:main.java.util.ExecuteTestCases@1e67b872]" test-instance-name="" name="setResultTestName" is-config="true" duration-ms="0" started-at="2018-05-04T23:34:20Z" finished-at="2018-05-04T23:34:20Z">
          <reporter-output>
          </reporter-output>
        </test-method> <!-- setResultTestName -->
        <test-method status="SKIP" signature="testSample(java.lang.String)[pri:0, instance:main.java.util.ExecuteTestCases@1e67b872]" test-instance-name="" name="testSample" duration-ms="0" started-at="2018-05-04T23:34:20Z" data-provider="dp" finished-at="2018-05-04T23:34:20Z">
          <params>
            <param index="0">
              <value>
                <![CDATA[TC022]]>
              </value>
            </param>
          </params>
          <reporter-output>
          </reporter-output>
        </test-method> <!-- testSample -->
        <test-method status="SKIP" signature="testData([Ljava.lang.Object;)[pri:0, instance:main.java.util.ExecuteTestCases@1e67b872]" test-instance-name="" name="testData" is-config="true" duration-ms="0" started-at="2018-05-04T23:34:20Z" finished-at="2018-05-04T23:34:20Z">
          <reporter-output>
          </reporter-output>
        </test-method> <!-- testData -->
        <test-method status="SKIP" signature="testSample(java.lang.String)[pri:0, instance:main.java.util.ExecuteTestCases@1e67b872]" test-instance-name="" name="testSample" duration-ms="1" started-at="2018-05-04T23:34:20Z" data-provider="dp" finished-at="2018-05-04T23:34:20Z">
          <params>
            <param index="0">
              <value>
                <![CDATA[TC023]]>
              </value>
            </param>
          </params>
          <reporter-output>
          </reporter-output>
        </test-method> <!-- testSample -->
        <test-method status="SKIP" signature="setResultTestName(org.testng.ITestResult)[pri:0, instance:main.java.util.ExecuteTestCases@1e67b872]" test-instance-name="" name="setResultTestName" is-config="true" duration-ms="0" started-at="2018-05-04T23:34:20Z" finished-at="2018-05-04T23:34:20Z">
          <reporter-output>
          </reporter-output>
        </test-method> <!-- setResultTestName -->
        <test-method status="SKIP" signature="setResultTestName(org.testng.ITestResult)[pri:0, instance:main.java.util.ExecuteTestCases@1e67b872]" test-instance-name="" name="setResultTestName" is-config="true" duration-ms="0" started-at="2018-05-04T23:34:20Z" finished-at="2018-05-04T23:34:20Z">
          <reporter-output>
          </reporter-output>
        </test-method> <!-- setResultTestName -->
        <test-method status="SKIP" signature="testData([Ljava.lang.Object;)[pri:0, instance:main.java.util.ExecuteTestCases@1e67b872]" test-instance-name="" name="testData" is-config="true" duration-ms="0" started-at="2018-05-04T23:34:20Z" finished-at="2018-05-04T23:34:20Z">
          <reporter-output>
          </reporter-output>
        </test-method> <!-- testData -->
        <test-method status="SKIP" signature="testSample(java.lang.String)[pri:0, instance:main.java.util.ExecuteTestCases@1e67b872]" test-instance-name="" name="testSample" duration-ms="0" started-at="2018-05-04T23:34:20Z" data-provider="dp" finished-at="2018-05-04T23:34:20Z">
          <params>
            <param index="0">
              <value>
                <![CDATA[TC024]]>
              </value>
            </param>
          </params>
          <reporter-output>
          </reporter-output>
        </test-method> <!-- testSample -->
        <test-method status="SKIP" signature="testSample(java.lang.String)[pri:0, instance:main.java.util.ExecuteTestCases@1e67b872]" test-instance-name="" name="testSample" duration-ms="0" started-at="2018-05-04T23:34:20Z" data-provider="dp" finished-at="2018-05-04T23:34:20Z">
          <params>
            <param index="0">
              <value>
                <![CDATA[TC025]]>
              </value>
            </param>
          </params>
          <reporter-output>
          </reporter-output>
        </test-method> <!-- testSample -->
        <test-method status="SKIP" signature="testData([Ljava.lang.Object;)[pri:0, instance:main.java.util.ExecuteTestCases@1e67b872]" test-instance-name="" name="testData" is-config="true" duration-ms="0" started-at="2018-05-04T23:34:20Z" finished-at="2018-05-04T23:34:20Z">
          <reporter-output>
          </reporter-output>
        </test-method> <!-- testData -->
        <test-method status="SKIP" signature="testData([Ljava.lang.Object;)[pri:0, instance:main.java.util.ExecuteTestCases@1e67b872]" test-instance-name="" name="testData" is-config="true" duration-ms="0" started-at="2018-05-04T23:34:20Z" finished-at="2018-05-04T23:34:20Z">
          <reporter-output>
          </reporter-output>
        </test-method> <!-- testData -->
        <test-method status="SKIP" signature="setResultTestName(org.testng.ITestResult)[pri:0, instance:main.java.util.ExecuteTestCases@1e67b872]" test-instance-name="" name="setResultTestName" is-config="true" duration-ms="0" started-at="2018-05-04T23:34:20Z" finished-at="2018-05-04T23:34:20Z">
          <reporter-output>
          </reporter-output>
        </test-method> <!-- setResultTestName -->
        <test-method status="SKIP" signature="testSample(java.lang.String)[pri:0, instance:main.java.util.ExecuteTestCases@1e67b872]" test-instance-name="" name="testSample" duration-ms="0" started-at="2018-05-04T23:34:20Z" data-provider="dp" finished-at="2018-05-04T23:34:20Z">
          <params>
            <param index="0">
              <value>
                <![CDATA[TC026]]>
              </value>
            </param>
          </params>
          <reporter-output>
          </reporter-output>
        </test-method> <!-- testSample -->
        <test-method status="SKIP" signature="testData([Ljava.lang.Object;)[pri:0, instance:main.java.util.ExecuteTestCases@1e67b872]" test-instance-name="" name="testData" is-config="true" duration-ms="0" started-at="2018-05-04T23:34:20Z" finished-at="2018-05-04T23:34:20Z">
          <reporter-output>
          </reporter-output>
        </test-method> <!-- testData -->
        <test-method status="SKIP" signature="setResultTestName(org.testng.ITestResult)[pri:0, instance:main.java.util.ExecuteTestCases@1e67b872]" test-instance-name="" name="setResultTestName" is-config="true" duration-ms="0" started-at="2018-05-04T23:34:20Z" finished-at="2018-05-04T23:34:20Z">
          <reporter-output>
          </reporter-output>
        </test-method> <!-- setResultTestName -->
        <test-method status="SKIP" signature="setResultTestName(org.testng.ITestResult)[pri:0, instance:main.java.util.ExecuteTestCases@1e67b872]" test-instance-name="" name="setResultTestName" is-config="true" duration-ms="0" started-at="2018-05-04T23:34:20Z" finished-at="2018-05-04T23:34:20Z">
          <reporter-output>
          </reporter-output>
        </test-method> <!-- setResultTestName -->
        <test-method status="SKIP" signature="testSample(java.lang.String)[pri:0, instance:main.java.util.ExecuteTestCases@1e67b872]" test-instance-name="" name="testSample" duration-ms="0" started-at="2018-05-04T23:34:20Z" data-provider="dp" finished-at="2018-05-04T23:34:20Z">
          <params>
            <param index="0">
              <value>
                <![CDATA[TC027]]>
              </value>
            </param>
          </params>
          <reporter-output>
          </reporter-output>
        </test-method> <!-- testSample -->
        <test-method status="SKIP" signature="testSample(java.lang.String)[pri:0, instance:main.java.util.ExecuteTestCases@1e67b872]" test-instance-name="" name="testSample" duration-ms="1" started-at="2018-05-04T23:34:20Z" data-provider="dp" finished-at="2018-05-04T23:34:20Z">
          <params>
            <param index="0">
              <value>
                <![CDATA[TC028]]>
              </value>
            </param>
          </params>
          <reporter-output>
          </reporter-output>
        </test-method> <!-- testSample -->
        <test-method status="SKIP" signature="testData([Ljava.lang.Object;)[pri:0, instance:main.java.util.ExecuteTestCases@1e67b872]" test-instance-name="" name="testData" is-config="true" duration-ms="0" started-at="2018-05-04T23:34:20Z" finished-at="2018-05-04T23:34:20Z">
          <reporter-output>
          </reporter-output>
        </test-method> <!-- testData -->
        <test-method status="SKIP" signature="setResultTestName(org.testng.ITestResult)[pri:0, instance:main.java.util.ExecuteTestCases@1e67b872]" test-instance-name="" name="setResultTestName" is-config="true" duration-ms="0" started-at="2018-05-04T23:34:20Z" finished-at="2018-05-04T23:34:20Z">
          <reporter-output>
          </reporter-output>
        </test-method> <!-- setResultTestName -->
        <test-method status="SKIP" signature="testSample(java.lang.String)[pri:0, instance:main.java.util.ExecuteTestCases@1e67b872]" test-instance-name="" name="testSample" duration-ms="1" started-at="2018-05-04T23:34:20Z" data-provider="dp" finished-at="2018-05-04T23:34:20Z">
          <params>
            <param index="0">
              <value>
                <![CDATA[TC029]]>
              </value>
            </param>
          </params>
          <reporter-output>
          </reporter-output>
        </test-method> <!-- testSample -->
        <test-method status="SKIP" signature="testData([Ljava.lang.Object;)[pri:0, instance:main.java.util.ExecuteTestCases@1e67b872]" test-instance-name="" name="testData" is-config="true" duration-ms="0" started-at="2018-05-04T23:34:20Z" finished-at="2018-05-04T23:34:20Z">
          <reporter-output>
          </reporter-output>
        </test-method> <!-- testData -->
        <test-method status="SKIP" signature="setResultTestName(org.testng.ITestResult)[pri:0, instance:main.java.util.ExecuteTestCases@1e67b872]" test-instance-name="" name="setResultTestName" is-config="true" duration-ms="0" started-at="2018-05-04T23:34:20Z" finished-at="2018-05-04T23:34:20Z">
          <reporter-output>
          </reporter-output>
        </test-method> <!-- setResultTestName -->
        <test-method status="SKIP" signature="testSample(java.lang.String)[pri:0, instance:main.java.util.ExecuteTestCases@1e67b872]" test-instance-name="" name="testSample" duration-ms="0" started-at="2018-05-04T23:34:20Z" data-provider="dp" finished-at="2018-05-04T23:34:20Z">
          <params>
            <param index="0">
              <value>
                <![CDATA[TC030]]>
              </value>
            </param>
          </params>
          <reporter-output>
          </reporter-output>
        </test-method> <!-- testSample -->
        <test-method status="SKIP" signature="testData([Ljava.lang.Object;)[pri:0, instance:main.java.util.ExecuteTestCases@1e67b872]" test-instance-name="" name="testData" is-config="true" duration-ms="0" started-at="2018-05-04T23:34:20Z" finished-at="2018-05-04T23:34:20Z">
          <reporter-output>
          </reporter-output>
        </test-method> <!-- testData -->
        <test-method status="SKIP" signature="testSample(java.lang.String)[pri:0, instance:main.java.util.ExecuteTestCases@1e67b872]" test-instance-name="" name="testSample" duration-ms="0" started-at="2018-05-04T23:34:20Z" data-provider="dp" finished-at="2018-05-04T23:34:20Z">
          <params>
            <param index="0">
              <value>
                <![CDATA[TC031]]>
              </value>
            </param>
          </params>
          <reporter-output>
          </reporter-output>
        </test-method> <!-- testSample -->
        <test-method status="SKIP" signature="setResultTestName(org.testng.ITestResult)[pri:0, instance:main.java.util.ExecuteTestCases@1e67b872]" test-instance-name="" name="setResultTestName" is-config="true" duration-ms="0" started-at="2018-05-04T23:34:20Z" finished-at="2018-05-04T23:34:20Z">
          <reporter-output>
          </reporter-output>
        </test-method> <!-- setResultTestName -->
        <test-method status="SKIP" signature="testData([Ljava.lang.Object;)[pri:0, instance:main.java.util.ExecuteTestCases@1e67b872]" test-instance-name="" name="testData" is-config="true" duration-ms="0" started-at="2018-05-04T23:34:20Z" finished-at="2018-05-04T23:34:20Z">
          <reporter-output>
          </reporter-output>
        </test-method> <!-- testData -->
        <test-method status="SKIP" signature="setResultTestName(org.testng.ITestResult)[pri:0, instance:main.java.util.ExecuteTestCases@1e67b872]" test-instance-name="" name="setResultTestName" is-config="true" duration-ms="0" started-at="2018-05-04T23:34:20Z" finished-at="2018-05-04T23:34:20Z">
          <reporter-output>
          </reporter-output>
        </test-method> <!-- setResultTestName -->
        <test-method status="SKIP" signature="testData([Ljava.lang.Object;)[pri:0, instance:main.java.util.ExecuteTestCases@1e67b872]" test-instance-name="" name="testData" is-config="true" duration-ms="0" started-at="2018-05-04T23:34:20Z" finished-at="2018-05-04T23:34:20Z">
          <reporter-output>
          </reporter-output>
        </test-method> <!-- testData -->
        <test-method status="SKIP" signature="testSample(java.lang.String)[pri:0, instance:main.java.util.ExecuteTestCases@1e67b872]" test-instance-name="" name="testSample" duration-ms="0" started-at="2018-05-04T23:34:20Z" data-provider="dp" finished-at="2018-05-04T23:34:20Z">
          <params>
            <param index="0">
              <value>
                <![CDATA[TC032]]>
              </value>
            </param>
          </params>
          <reporter-output>
          </reporter-output>
        </test-method> <!-- testSample -->
        <test-method status="SKIP" signature="setResultTestName(org.testng.ITestResult)[pri:0, instance:main.java.util.ExecuteTestCases@1e67b872]" test-instance-name="" name="setResultTestName" is-config="true" duration-ms="0" started-at="2018-05-04T23:34:20Z" finished-at="2018-05-04T23:34:20Z">
          <reporter-output>
          </reporter-output>
        </test-method> <!-- setResultTestName -->
        <test-method status="SKIP" signature="testData([Ljava.lang.Object;)[pri:0, instance:main.java.util.ExecuteTestCases@1e67b872]" test-instance-name="" name="testData" is-config="true" duration-ms="0" started-at="2018-05-04T23:34:20Z" finished-at="2018-05-04T23:34:20Z">
          <reporter-output>
          </reporter-output>
        </test-method> <!-- testData -->
        <test-method status="SKIP" signature="testSample(java.lang.String)[pri:0, instance:main.java.util.ExecuteTestCases@1e67b872]" test-instance-name="" name="testSample" duration-ms="0" started-at="2018-05-04T23:34:20Z" data-provider="dp" finished-at="2018-05-04T23:34:20Z">
          <params>
            <param index="0">
              <value>
                <![CDATA[TC033]]>
              </value>
            </param>
          </params>
          <reporter-output>
          </reporter-output>
        </test-method> <!-- testSample -->
        <test-method status="SKIP" signature="setResultTestName(org.testng.ITestResult)[pri:0, instance:main.java.util.ExecuteTestCases@1e67b872]" test-instance-name="" name="setResultTestName" is-config="true" duration-ms="0" started-at="2018-05-04T23:34:20Z" finished-at="2018-05-04T23:34:20Z">
          <reporter-output>
          </reporter-output>
        </test-method> <!-- setResultTestName -->
        <test-method status="SKIP" signature="cleanup()[pri:0, instance:main.java.util.ExecuteTestCases@1e67b872]" test-instance-name="" name="cleanup" is-config="true" duration-ms="0" started-at="2018-05-04T23:34:20Z" finished-at="2018-05-04T23:34:20Z">
          <reporter-output>
          </reporter-output>
        </test-method> <!-- cleanup -->
      </class> <!-- main.java.util.ExecuteTestCases -->
    </test> <!-- AudioTab Test Cases -->
  </suite> <!-- AudioTab -->
</testng-results>
