<?xml version="1.0" encoding="UTF-8"?>
<!-- Generated by org.testng.reporters.JUnitXMLReporter -->
<testsuite hostname="DelhiBackup" name="AudioTab Test Cases" tests="33" failures="0" timestamp="5 May 2018 06:34:20 GMT" time="1.571" errors="0">
  <testcase name="@BeforeClass setup" time="0.0" classname="main.java.util.ExecuteTestCases">
    <failure type="java.lang.IllegalStateException" message="The driver executable does not exist: E:\telmar_automation_projects\Selenium-Automation-Framework\driver\chromedriver.exe">
      <![CDATA[java.lang.IllegalStateException: The driver executable does not exist: E:\telmar_automation_projects\Selenium-Automation-Framework\driver\chromedriver.exe
	at com.google.common.base.Preconditions.checkState(Preconditions.java:197)
	at org.openqa.selenium.remote.service.DriverService.checkExecutable(DriverService.java:122)
	at org.openqa.selenium.remote.service.DriverService.findExecutable(DriverService.java:117)
	at org.openqa.selenium.chrome.ChromeDriverService.access$000(ChromeDriverService.java:32)
	at org.openqa.selenium.chrome.ChromeDriverService$Builder.findDefaultExecutable(ChromeDriverService.java:118)
	at org.openqa.selenium.remote.service.DriverService$Builder.build(DriverService.java:291)
	at org.openqa.selenium.chrome.ChromeDriverService.createDefaultService(ChromeDriverService.java:82)
	at org.openqa.selenium.chrome.ChromeDriver.<init>(ChromeDriver.java:117)
	at main.java.util.ExecuteTestCases.chrome(ExecuteTestCases.java:83)
	at main.java.util.ExecuteTestCases.selectBrowser(ExecuteTestCases.java:72)
	at main.java.util.ExecuteTestCases.setup(ExecuteTestCases.java:50)
	at main.java.util.MainTestNG.testng(MainTestNG.java:65)
	at main.java.util.MainTestNG.main(MainTestNG.java:40)
... Removed 21 stack frames]]>
    </failure>
  </testcase> <!-- @BeforeClass setup -->
  <testcase name="@BeforeMethod testData" time="0.0" classname="main.java.util.ExecuteTestCases">
    <skipped/>
  </testcase> <!-- @BeforeMethod testData -->
  <testcase name="@AfterMethod setResultTestName" time="0.0" classname="main.java.util.ExecuteTestCases">
    <skipped/>
  </testcase> <!-- @AfterMethod setResultTestName -->
  <testcase name="@BeforeMethod testData" time="0.0" classname="main.java.util.ExecuteTestCases">
    <skipped/>
  </testcase> <!-- @BeforeMethod testData -->
  <testcase name="@AfterMethod setResultTestName" time="0.0" classname="main.java.util.ExecuteTestCases">
    <skipped/>
  </testcase> <!-- @AfterMethod setResultTestName -->
  <testcase name="@BeforeMethod testData" time="0.0" classname="main.java.util.ExecuteTestCases">
    <skipped/>
  </testcase> <!-- @BeforeMethod testData -->
  <testcase name="@AfterMethod setResultTestName" time="0.0" classname="main.java.util.ExecuteTestCases">
    <skipped/>
  </testcase> <!-- @AfterMethod setResultTestName -->
  <testcase name="@BeforeMethod testData" time="0.0" classname="main.java.util.ExecuteTestCases">
    <skipped/>
  </testcase> <!-- @BeforeMethod testData -->
  <testcase name="@AfterMethod setResultTestName" time="0.0" classname="main.java.util.ExecuteTestCases">
    <skipped/>
  </testcase> <!-- @AfterMethod setResultTestName -->
  <testcase name="@BeforeMethod testData" time="0.0" classname="main.java.util.ExecuteTestCases">
    <skipped/>
  </testcase> <!-- @BeforeMethod testData -->
  <testcase name="@AfterMethod setResultTestName" time="0.0" classname="main.java.util.ExecuteTestCases">
    <skipped/>
  </testcase> <!-- @AfterMethod setResultTestName -->
  <testcase name="@BeforeMethod testData" time="0.0" classname="main.java.util.ExecuteTestCases">
    <skipped/>
  </testcase> <!-- @BeforeMethod testData -->
  <testcase name="@AfterMethod setResultTestName" time="0.0" classname="main.java.util.ExecuteTestCases">
    <skipped/>
  </testcase> <!-- @AfterMethod setResultTestName -->
  <testcase name="@BeforeMethod testData" time="0.0" classname="main.java.util.ExecuteTestCases">
    <skipped/>
  </testcase> <!-- @BeforeMethod testData -->
  <testcase name="@AfterMethod setResultTestName" time="0.0" classname="main.java.util.ExecuteTestCases">
    <skipped/>
  </testcase> <!-- @AfterMethod setResultTestName -->
  <testcase name="@BeforeMethod testData" time="0.0" classname="main.java.util.ExecuteTestCases">
    <skipped/>
  </testcase> <!-- @BeforeMethod testData -->
  <testcase name="@AfterMethod setResultTestName" time="0.0" classname="main.java.util.ExecuteTestCases">
    <skipped/>
  </testcase> <!-- @AfterMethod setResultTestName -->
  <testcase name="@BeforeMethod testData" time="0.0" classname="main.java.util.ExecuteTestCases">
    <skipped/>
  </testcase> <!-- @BeforeMethod testData -->
  <testcase name="@AfterMethod setResultTestName" time="0.0" classname="main.java.util.ExecuteTestCases">
    <skipped/>
  </testcase> <!-- @AfterMethod setResultTestName -->
  <testcase name="@BeforeMethod testData" time="0.0" classname="main.java.util.ExecuteTestCases">
    <skipped/>
  </testcase> <!-- @BeforeMethod testData -->
  <testcase name="@AfterMethod setResultTestName" time="0.0" classname="main.java.util.ExecuteTestCases">
    <skipped/>
  </testcase> <!-- @AfterMethod setResultTestName -->
  <testcase name="@BeforeMethod testData" time="0.0" classname="main.java.util.ExecuteTestCases">
    <skipped/>
  </testcase> <!-- @BeforeMethod testData -->
  <testcase name="@AfterMethod setResultTestName" time="0.0" classname="main.java.util.ExecuteTestCases">
    <skipped/>
  </testcase> <!-- @AfterMethod setResultTestName -->
  <testcase name="@BeforeMethod testData" time="0.0" classname="main.java.util.ExecuteTestCases">
    <skipped/>
  </testcase> <!-- @BeforeMethod testData -->
  <testcase name="@AfterMethod setResultTestName" time="0.0" classname="main.java.util.ExecuteTestCases">
    <skipped/>
  </testcase> <!-- @AfterMethod setResultTestName -->
  <testcase name="@BeforeMethod testData" time="0.0" classname="main.java.util.ExecuteTestCases">
    <skipped/>
  </testcase> <!-- @BeforeMethod testData -->
  <testcase name="@AfterMethod setResultTestName" time="0.0" classname="main.java.util.ExecuteTestCases">
    <skipped/>
  </testcase> <!-- @AfterMethod setResultTestName -->
  <testcase name="@BeforeMethod testData" time="0.0" classname="main.java.util.ExecuteTestCases">
    <skipped/>
  </testcase> <!-- @BeforeMethod testData -->
  <testcase name="@AfterMethod setResultTestName" time="0.0" classname="main.java.util.ExecuteTestCases">
    <skipped/>
  </testcase> <!-- @AfterMethod setResultTestName -->
  <testcase name="@BeforeMethod testData" time="0.0" classname="main.java.util.ExecuteTestCases">
    <skipped/>
  </testcase> <!-- @BeforeMethod testData -->
  <testcase name="@AfterMethod setResultTestName" time="0.0" classname="main.java.util.ExecuteTestCases">
    <skipped/>
  </testcase> <!-- @AfterMethod setResultTestName -->
  <testcase name="@BeforeMethod testData" time="0.0" classname="main.java.util.ExecuteTestCases">
    <skipped/>
  </testcase> <!-- @BeforeMethod testData -->
  <testcase name="@AfterMethod setResultTestName" time="0.0" classname="main.java.util.ExecuteTestCases">
    <skipped/>
  </testcase> <!-- @AfterMethod setResultTestName -->
  <testcase name="@BeforeMethod testData" time="0.0" classname="main.java.util.ExecuteTestCases">
    <skipped/>
  </testcase> <!-- @BeforeMethod testData -->
  <testcase name="@AfterMethod setResultTestName" time="0.0" classname="main.java.util.ExecuteTestCases">
    <skipped/>
  </testcase> <!-- @AfterMethod setResultTestName -->
  <testcase name="@BeforeMethod testData" time="0.0" classname="main.java.util.ExecuteTestCases">
    <skipped/>
  </testcase> <!-- @BeforeMethod testData -->
  <testcase name="@AfterMethod setResultTestName" time="0.0" classname="main.java.util.ExecuteTestCases">
    <skipped/>
  </testcase> <!-- @AfterMethod setResultTestName -->
  <testcase name="@BeforeMethod testData" time="0.0" classname="main.java.util.ExecuteTestCases">
    <skipped/>
  </testcase> <!-- @BeforeMethod testData -->
  <testcase name="@AfterMethod setResultTestName" time="0.0" classname="main.java.util.ExecuteTestCases">
    <skipped/>
  </testcase> <!-- @AfterMethod setResultTestName -->
  <testcase name="@BeforeMethod testData" time="0.0" classname="main.java.util.ExecuteTestCases">
    <skipped/>
  </testcase> <!-- @BeforeMethod testData -->
  <testcase name="@AfterMethod setResultTestName" time="0.0" classname="main.java.util.ExecuteTestCases">
    <skipped/>
  </testcase> <!-- @AfterMethod setResultTestName -->
  <testcase name="@BeforeMethod testData" time="0.0" classname="main.java.util.ExecuteTestCases">
    <skipped/>
  </testcase> <!-- @BeforeMethod testData -->
  <testcase name="@AfterMethod setResultTestName" time="0.0" classname="main.java.util.ExecuteTestCases">
    <skipped/>
  </testcase> <!-- @AfterMethod setResultTestName -->
  <testcase name="@BeforeMethod testData" time="0.0" classname="main.java.util.ExecuteTestCases">
    <skipped/>
  </testcase> <!-- @BeforeMethod testData -->
  <testcase name="@AfterMethod setResultTestName" time="0.0" classname="main.java.util.ExecuteTestCases">
    <skipped/>
  </testcase> <!-- @AfterMethod setResultTestName -->
  <testcase name="@BeforeMethod testData" time="0.0" classname="main.java.util.ExecuteTestCases">
    <skipped/>
  </testcase> <!-- @BeforeMethod testData -->
  <testcase name="@AfterMethod setResultTestName" time="0.0" classname="main.java.util.ExecuteTestCases">
    <skipped/>
  </testcase> <!-- @AfterMethod setResultTestName -->
  <testcase name="@BeforeMethod testData" time="0.0" classname="main.java.util.ExecuteTestCases">
    <skipped/>
  </testcase> <!-- @BeforeMethod testData -->
  <testcase name="@AfterMethod setResultTestName" time="0.0" classname="main.java.util.ExecuteTestCases">
    <skipped/>
  </testcase> <!-- @AfterMethod setResultTestName -->
  <testcase name="@BeforeMethod testData" time="0.0" classname="main.java.util.ExecuteTestCases">
    <skipped/>
  </testcase> <!-- @BeforeMethod testData -->
  <testcase name="@AfterMethod setResultTestName" time="0.0" classname="main.java.util.ExecuteTestCases">
    <skipped/>
  </testcase> <!-- @AfterMethod setResultTestName -->
  <testcase name="@BeforeMethod testData" time="0.0" classname="main.java.util.ExecuteTestCases">
    <skipped/>
  </testcase> <!-- @BeforeMethod testData -->
  <testcase name="@AfterMethod setResultTestName" time="0.0" classname="main.java.util.ExecuteTestCases">
    <skipped/>
  </testcase> <!-- @AfterMethod setResultTestName -->
  <testcase name="@BeforeMethod testData" time="0.0" classname="main.java.util.ExecuteTestCases">
    <skipped/>
  </testcase> <!-- @BeforeMethod testData -->
  <testcase name="@AfterMethod setResultTestName" time="0.0" classname="main.java.util.ExecuteTestCases">
    <skipped/>
  </testcase> <!-- @AfterMethod setResultTestName -->
  <testcase name="@BeforeMethod testData" time="0.0" classname="main.java.util.ExecuteTestCases">
    <skipped/>
  </testcase> <!-- @BeforeMethod testData -->
  <testcase name="@AfterMethod setResultTestName" time="0.0" classname="main.java.util.ExecuteTestCases">
    <skipped/>
  </testcase> <!-- @AfterMethod setResultTestName -->
  <testcase name="@BeforeMethod testData" time="0.0" classname="main.java.util.ExecuteTestCases">
    <skipped/>
  </testcase> <!-- @BeforeMethod testData -->
  <testcase name="@AfterMethod setResultTestName" time="0.0" classname="main.java.util.ExecuteTestCases">
    <skipped/>
  </testcase> <!-- @AfterMethod setResultTestName -->
  <testcase name="@BeforeMethod testData" time="0.0" classname="main.java.util.ExecuteTestCases">
    <skipped/>
  </testcase> <!-- @BeforeMethod testData -->
  <testcase name="@AfterMethod setResultTestName" time="0.0" classname="main.java.util.ExecuteTestCases">
    <skipped/>
  </testcase> <!-- @AfterMethod setResultTestName -->
  <testcase name="@BeforeMethod testData" time="0.0" classname="main.java.util.ExecuteTestCases">
    <skipped/>
  </testcase> <!-- @BeforeMethod testData -->
  <testcase name="@AfterMethod setResultTestName" time="0.0" classname="main.java.util.ExecuteTestCases">
    <skipped/>
  </testcase> <!-- @AfterMethod setResultTestName -->
  <testcase name="@BeforeMethod testData" time="0.0" classname="main.java.util.ExecuteTestCases">
    <skipped/>
  </testcase> <!-- @BeforeMethod testData -->
  <testcase name="@AfterMethod setResultTestName" time="0.0" classname="main.java.util.ExecuteTestCases">
    <skipped/>
  </testcase> <!-- @AfterMethod setResultTestName -->
  <testcase name="@BeforeMethod testData" time="0.0" classname="main.java.util.ExecuteTestCases">
    <skipped/>
  </testcase> <!-- @BeforeMethod testData -->
  <testcase name="@AfterMethod setResultTestName" time="0.0" classname="main.java.util.ExecuteTestCases">
    <skipped/>
  </testcase> <!-- @AfterMethod setResultTestName -->
  <testcase name="@AfterClass cleanup" time="0.0" classname="main.java.util.ExecuteTestCases">
    <skipped/>
  </testcase> <!-- @AfterClass cleanup -->
  <testcase name="" time="0.001" classname="main.java.util.ExecuteTestCases">
    <skipped/>
  </testcase> <!--  -->
  <testcase name="" time="0.001" classname="main.java.util.ExecuteTestCases">
    <skipped/>
  </testcase> <!--  -->
  <testcase name="" time="0.0" classname="main.java.util.ExecuteTestCases">
    <skipped/>
  </testcase> <!--  -->
  <testcase name="" time="0.0" classname="main.java.util.ExecuteTestCases">
    <skipped/>
  </testcase> <!--  -->
  <testcase name="" time="0.001" classname="main.java.util.ExecuteTestCases">
    <skipped/>
  </testcase> <!--  -->
  <testcase name="" time="0.001" classname="main.java.util.ExecuteTestCases">
    <skipped/>
  </testcase> <!--  -->
  <testcase name="" time="0.001" classname="main.java.util.ExecuteTestCases">
    <skipped/>
  </testcase> <!--  -->
  <testcase name="" time="0.001" classname="main.java.util.ExecuteTestCases">
    <skipped/>
  </testcase> <!--  -->
  <testcase name="" time="0.0" classname="main.java.util.ExecuteTestCases">
    <skipped/>
  </testcase> <!--  -->
  <testcase name="" time="0.0" classname="main.java.util.ExecuteTestCases">
    <skipped/>
  </testcase> <!--  -->
  <testcase name="" time="0.001" classname="main.java.util.ExecuteTestCases">
    <skipped/>
  </testcase> <!--  -->
  <testcase name="" time="0.001" classname="main.java.util.ExecuteTestCases">
    <skipped/>
  </testcase> <!--  -->
  <testcase name="" time="0.001" classname="main.java.util.ExecuteTestCases">
    <skipped/>
  </testcase> <!--  -->
  <testcase name="" time="0.0" classname="main.java.util.ExecuteTestCases">
    <skipped/>
  </testcase> <!--  -->
  <testcase name="" time="0.0" classname="main.java.util.ExecuteTestCases">
    <skipped/>
  </testcase> <!--  -->
  <testcase name="" time="0.0" classname="main.java.util.ExecuteTestCases">
    <skipped/>
  </testcase> <!--  -->
  <testcase name="" time="0.001" classname="main.java.util.ExecuteTestCases">
    <skipped/>
  </testcase> <!--  -->
  <testcase name="" time="0.0" classname="main.java.util.ExecuteTestCases">
    <skipped/>
  </testcase> <!--  -->
  <testcase name="" time="0.001" classname="main.java.util.ExecuteTestCases">
    <skipped/>
  </testcase> <!--  -->
  <testcase name="" time="0.001" classname="main.java.util.ExecuteTestCases">
    <skipped/>
  </testcase> <!--  -->
  <testcase name="" time="0.0" classname="main.java.util.ExecuteTestCases">
    <skipped/>
  </testcase> <!--  -->
  <testcase name="" time="0.0" classname="main.java.util.ExecuteTestCases">
    <skipped/>
  </testcase> <!--  -->
  <testcase name="" time="0.001" classname="main.java.util.ExecuteTestCases">
    <skipped/>
  </testcase> <!--  -->
  <testcase name="" time="0.0" classname="main.java.util.ExecuteTestCases">
    <skipped/>
  </testcase> <!--  -->
  <testcase name="" time="0.0" classname="main.java.util.ExecuteTestCases">
    <skipped/>
  </testcase> <!--  -->
  <testcase name="" time="0.0" classname="main.java.util.ExecuteTestCases">
    <skipped/>
  </testcase> <!--  -->
  <testcase name="" time="0.0" classname="main.java.util.ExecuteTestCases">
    <skipped/>
  </testcase> <!--  -->
  <testcase name="" time="0.001" classname="main.java.util.ExecuteTestCases">
    <skipped/>
  </testcase> <!--  -->
  <testcase name="" time="0.001" classname="main.java.util.ExecuteTestCases">
    <skipped/>
  </testcase> <!--  -->
  <testcase name="" time="0.0" classname="main.java.util.ExecuteTestCases">
    <skipped/>
  </testcase> <!--  -->
  <testcase name="" time="0.0" classname="main.java.util.ExecuteTestCases">
    <skipped/>
  </testcase> <!--  -->
  <testcase name="" time="0.0" classname="main.java.util.ExecuteTestCases">
    <skipped/>
  </testcase> <!--  -->
  <testcase name="" time="0.0" classname="main.java.util.ExecuteTestCases">
    <skipped/>
  </testcase> <!--  -->
</testsuite> <!-- AudioTab Test Cases -->
